{"C:\\Users\\kiron\\Desktop\\Medical Appointment & Patient Management System\\api\\src\\Drizzle\\db.ts": {"path":"C:\\Users\\kiron\\Desktop\\Medical Appointment & Patient Management System\\api\\src\\Drizzle\\db.ts","statementMap":{"0":{"start":{"line":1,"column":0},"end":{"line":1,"column":23}},"1":{"start":{"line":2,"column":0},"end":{"line":2,"column":52}},"2":{"start":{"line":3,"column":0},"end":{"line":3,"column":28}},"3":{"start":{"line":4,"column":0},"end":{"line":4,"column":35}},"4":{"start":{"line":7,"column":13},"end":{"line":9,"column":3}},"5":{"start":{"line":12,"column":13},"end":{"line":14,"column":1}},"6":{"start":{"line":13,"column":2},"end":{"line":13,"column":25}},"7":{"start":{"line":16,"column":0},"end":{"line":18,"column":79}},"8":{"start":{"line":17,"column":14},"end":{"line":17,"column":54}},"9":{"start":{"line":18,"column":20},"end":{"line":18,"column":77}},"10":{"start":{"line":21,"column":13},"end":{"line":21,"column":61}},"11":{"start":{"line":25,"column":2},"end":{"line":31,"column":11}},"12":{"start":{"line":34,"column":30},"end":{"line":41,"column":1}},"13":{"start":{"line":35,"column":2},"end":{"line":40,"column":3}},"14":{"start":{"line":36,"column":4},"end":{"line":36,"column":35}},"15":{"start":{"line":37,"column":4},"end":{"line":37,"column":16}},"16":{"start":{"line":39,"column":4},"end":{"line":39,"column":17}},"17":{"start":{"line":34,"column":13},"end":{"line":34,"column":30}},"18":{"start":{"line":43,"column":31},"end":{"line":45,"column":1}},"19":{"start":{"line":44,"column":2},"end":{"line":44,"column":21}},"20":{"start":{"line":43,"column":13},"end":{"line":43,"column":31}},"21":{"start":{"line":48,"column":0},"end":{"line":48,"column":18}}},"fnMap":{"0":{"name":"(anonymous_9)","decl":{"start":{"line":12,"column":13},"end":{"line":12,"column":18}},"loc":{"start":{"line":12,"column":24},"end":{"line":14,"column":1}}},"1":{"name":"(anonymous_10)","decl":{"start":{"line":17,"column":8},"end":{"line":17,"column":11}},"loc":{"start":{"line":17,"column":14},"end":{"line":17,"column":54}}},"2":{"name":"(anonymous_11)","decl":{"start":{"line":18,"column":9},"end":{"line":18,"column":10}},"loc":{"start":{"line":18,"column":20},"end":{"line":18,"column":77}}},"3":{"name":"(anonymous_12)","decl":{"start":{"line":34,"column":30},"end":{"line":34,"column":35}},"loc":{"start":{"line":34,"column":41},"end":{"line":41,"column":1}}},"4":{"name":"(anonymous_13)","decl":{"start":{"line":43,"column":31},"end":{"line":43,"column":36}},"loc":{"start":{"line":43,"column":42},"end":{"line":45,"column":1}}}},"branchMap":{},"s":{"0":7,"1":7,"2":7,"3":7,"4":7,"5":7,"6":7,"7":7,"8":7,"9":0,"10":7,"11":7,"12":7,"13":0,"14":0,"15":0,"16":0,"17":7,"18":7,"19":0,"20":7,"21":7},"f":{"0":7,"1":7,"2":0,"3":0,"4":0},"b":{}}
,"C:\\Users\\kiron\\Desktop\\Medical Appointment & Patient Management System\\api\\src\\Drizzle\\schema.ts": {"path":"C:\\Users\\kiron\\Desktop\\Medical Appointment & Patient Management System\\api\\src\\Drizzle\\schema.ts","statementMap":{"0":{"start":{"line":1,"column":0},"end":{"line":1,"column":127}},"1":{"start":{"line":2,"column":0},"end":{"line":2,"column":40}},"2":{"start":{"line":5,"column":13},"end":{"line":5,"column":77}},"3":{"start":{"line":6,"column":13},"end":{"line":6,"column":118}},"4":{"start":{"line":7,"column":13},"end":{"line":7,"column":106}},"5":{"start":{"line":8,"column":13},"end":{"line":8,"column":109}},"6":{"start":{"line":9,"column":13},"end":{"line":9,"column":138}},"7":{"start":{"line":12,"column":13},"end":{"line":24,"column":3}},"8":{"start":{"line":27,"column":13},"end":{"line":40,"column":3}},"9":{"start":{"line":29,"column":46},"end":{"line":29,"column":58}},"10":{"start":{"line":43,"column":13},"end":{"line":55,"column":3}},"11":{"start":{"line":45,"column":46},"end":{"line":45,"column":58}},"12":{"start":{"line":46,"column":50},"end":{"line":46,"column":66}},"13":{"start":{"line":58,"column":13},"end":{"line":69,"column":3}},"14":{"start":{"line":60,"column":60},"end":{"line":60,"column":86}},"15":{"start":{"line":61,"column":50},"end":{"line":61,"column":66}},"16":{"start":{"line":62,"column":52},"end":{"line":62,"column":64}},"17":{"start":{"line":72,"column":13},"end":{"line":83,"column":3}},"18":{"start":{"line":74,"column":60},"end":{"line":74,"column":86}},"19":{"start":{"line":86,"column":13},"end":{"line":99,"column":3}},"20":{"start":{"line":88,"column":46},"end":{"line":88,"column":58}},"21":{"start":{"line":89,"column":75},"end":{"line":89,"column":101}},"22":{"start":{"line":96,"column":54},"end":{"line":96,"column":66}},"23":{"start":{"line":104,"column":13},"end":{"line":112,"column":4}},"24":{"start":{"line":104,"column":67},"end":{"line":112,"column":2}},"25":{"start":{"line":114,"column":13},"end":{"line":121,"column":4}},"26":{"start":{"line":114,"column":71},"end":{"line":121,"column":2}},"27":{"start":{"line":123,"column":13},"end":{"line":135,"column":4}},"28":{"start":{"line":123,"column":81},"end":{"line":135,"column":2}},"29":{"start":{"line":137,"column":13},"end":{"line":150,"column":4}},"30":{"start":{"line":137,"column":77},"end":{"line":150,"column":2}},"31":{"start":{"line":152,"column":13},"end":{"line":158,"column":4}},"32":{"start":{"line":152,"column":67},"end":{"line":158,"column":2}},"33":{"start":{"line":160,"column":13},"end":{"line":173,"column":4}},"34":{"start":{"line":160,"column":71},"end":{"line":173,"column":2}}},"fnMap":{"0":{"name":"(anonymous_0)","decl":{"start":{"line":29,"column":40},"end":{"line":29,"column":43}},"loc":{"start":{"line":29,"column":46},"end":{"line":29,"column":58}}},"1":{"name":"(anonymous_1)","decl":{"start":{"line":45,"column":40},"end":{"line":45,"column":43}},"loc":{"start":{"line":45,"column":46},"end":{"line":45,"column":58}}},"2":{"name":"(anonymous_2)","decl":{"start":{"line":46,"column":44},"end":{"line":46,"column":47}},"loc":{"start":{"line":46,"column":50},"end":{"line":46,"column":66}}},"3":{"name":"(anonymous_3)","decl":{"start":{"line":60,"column":54},"end":{"line":60,"column":57}},"loc":{"start":{"line":60,"column":60},"end":{"line":60,"column":86}}},"4":{"name":"(anonymous_4)","decl":{"start":{"line":61,"column":44},"end":{"line":61,"column":47}},"loc":{"start":{"line":61,"column":50},"end":{"line":61,"column":66}}},"5":{"name":"(anonymous_5)","decl":{"start":{"line":62,"column":46},"end":{"line":62,"column":49}},"loc":{"start":{"line":62,"column":52},"end":{"line":62,"column":64}}},"6":{"name":"(anonymous_6)","decl":{"start":{"line":74,"column":54},"end":{"line":74,"column":57}},"loc":{"start":{"line":74,"column":60},"end":{"line":74,"column":86}}},"7":{"name":"(anonymous_7)","decl":{"start":{"line":88,"column":40},"end":{"line":88,"column":43}},"loc":{"start":{"line":88,"column":46},"end":{"line":88,"column":58}}},"8":{"name":"(anonymous_8)","decl":{"start":{"line":89,"column":69},"end":{"line":89,"column":72}},"loc":{"start":{"line":89,"column":75},"end":{"line":89,"column":101}}},"9":{"name":"(anonymous_9)","decl":{"start":{"line":96,"column":48},"end":{"line":96,"column":51}},"loc":{"start":{"line":96,"column":54},"end":{"line":96,"column":66}}},"10":{"name":"(anonymous_10)","decl":{"start":{"line":104,"column":47},"end":{"line":104,"column":48}},"loc":{"start":{"line":104,"column":67},"end":{"line":112,"column":2}}},"11":{"name":"(anonymous_11)","decl":{"start":{"line":114,"column":51},"end":{"line":114,"column":52}},"loc":{"start":{"line":114,"column":71},"end":{"line":121,"column":2}}},"12":{"name":"(anonymous_12)","decl":{"start":{"line":123,"column":61},"end":{"line":123,"column":62}},"loc":{"start":{"line":123,"column":81},"end":{"line":135,"column":2}}},"13":{"name":"(anonymous_13)","decl":{"start":{"line":137,"column":63},"end":{"line":137,"column":64}},"loc":{"start":{"line":137,"column":77},"end":{"line":150,"column":2}}},"14":{"name":"(anonymous_14)","decl":{"start":{"line":152,"column":53},"end":{"line":152,"column":54}},"loc":{"start":{"line":152,"column":67},"end":{"line":158,"column":2}}},"15":{"name":"(anonymous_15)","decl":{"start":{"line":160,"column":57},"end":{"line":160,"column":58}},"loc":{"start":{"line":160,"column":71},"end":{"line":173,"column":2}}}},"branchMap":{},"s":{"0":7,"1":7,"2":7,"3":7,"4":7,"5":7,"6":7,"7":7,"8":7,"9":0,"10":7,"11":0,"12":0,"13":7,"14":0,"15":0,"16":0,"17":7,"18":0,"19":7,"20":0,"21":0,"22":0,"23":7,"24":7,"25":7,"26":7,"27":7,"28":7,"29":7,"30":7,"31":7,"32":7,"33":7,"34":7},"f":{"0":0,"1":0,"2":0,"3":0,"4":0,"5":0,"6":0,"7":0,"8":0,"9":0,"10":7,"11":7,"12":7,"13":7,"14":7,"15":7},"b":{}}
,"C:\\Users\\kiron\\Desktop\\Medical Appointment & Patient Management System\\api\\src\\appointment\\appointment.controller.ts": {"path":"C:\\Users\\kiron\\Desktop\\Medical Appointment & Patient Management System\\api\\src\\appointment\\appointment.controller.ts","statementMap":{"0":{"start":{"line":2,"column":0},"end":{"line":2,"column":72}},"1":{"start":{"line":6,"column":4},"end":{"line":12,"column":5}},"2":{"start":{"line":7,"column":21},"end":{"line":7,"column":54}},"3":{"start":{"line":8,"column":6},"end":{"line":8,"column":23}},"4":{"start":{"line":10,"column":6},"end":{"line":10,"column":59}},"5":{"start":{"line":11,"column":6},"end":{"line":11,"column":63}},"6":{"start":{"line":16,"column":4},"end":{"line":24,"column":5}},"7":{"start":{"line":17,"column":17},"end":{"line":17,"column":40}},"8":{"start":{"line":18,"column":21},"end":{"line":18,"column":57}},"9":{"start":{"line":19,"column":6},"end":{"line":19,"column":83}},"10":{"start":{"line":19,"column":19},"end":{"line":19,"column":83}},"11":{"start":{"line":20,"column":6},"end":{"line":20,"column":23}},"12":{"start":{"line":22,"column":6},"end":{"line":22,"column":64}},"13":{"start":{"line":23,"column":6},"end":{"line":23,"column":63}},"14":{"start":{"line":28,"column":4},"end":{"line":40,"column":5}},"15":{"start":{"line":29,"column":62},"end":{"line":29,"column":70}},"16":{"start":{"line":31,"column":6},"end":{"line":33,"column":7}},"17":{"start":{"line":32,"column":8},"end":{"line":32,"column":74}},"18":{"start":{"line":35,"column":28},"end":{"line":35,"column":69}},"19":{"start":{"line":36,"column":6},"end":{"line":36,"column":40}},"20":{"start":{"line":38,"column":6},"end":{"line":38,"column":58}},"21":{"start":{"line":39,"column":6},"end":{"line":39,"column":63}},"22":{"start":{"line":44,"column":4},"end":{"line":56,"column":5}},"23":{"start":{"line":45,"column":17},"end":{"line":45,"column":40}},"24":{"start":{"line":46,"column":28},"end":{"line":46,"column":73}},"25":{"start":{"line":48,"column":6},"end":{"line":50,"column":7}},"26":{"start":{"line":49,"column":8},"end":{"line":49,"column":72}},"27":{"start":{"line":52,"column":6},"end":{"line":52,"column":28}},"28":{"start":{"line":54,"column":6},"end":{"line":54,"column":58}},"29":{"start":{"line":55,"column":6},"end":{"line":55,"column":63}},"30":{"start":{"line":60,"column":4},"end":{"line":72,"column":5}},"31":{"start":{"line":61,"column":17},"end":{"line":61,"column":40}},"32":{"start":{"line":62,"column":22},"end":{"line":62,"column":57}},"33":{"start":{"line":64,"column":6},"end":{"line":66,"column":7}},"34":{"start":{"line":65,"column":8},"end":{"line":65,"column":72}},"35":{"start":{"line":68,"column":6},"end":{"line":68,"column":29}},"36":{"start":{"line":70,"column":6},"end":{"line":70,"column":58}},"37":{"start":{"line":71,"column":6},"end":{"line":71,"column":63}},"38":{"start":{"line":4,"column":0},"end":{"line":4,"column":13}}},"fnMap":{"0":{"name":"(anonymous_0)","decl":{"start":{"line":5,"column":2},"end":{"line":5,"column":8}},"loc":{"start":{"line":5,"column":50},"end":{"line":13,"column":3}}},"1":{"name":"(anonymous_1)","decl":{"start":{"line":15,"column":2},"end":{"line":15,"column":8}},"loc":{"start":{"line":15,"column":50},"end":{"line":25,"column":3}}},"2":{"name":"(anonymous_2)","decl":{"start":{"line":27,"column":2},"end":{"line":27,"column":8}},"loc":{"start":{"line":27,"column":49},"end":{"line":41,"column":3}}},"3":{"name":"(anonymous_3)","decl":{"start":{"line":43,"column":2},"end":{"line":43,"column":8}},"loc":{"start":{"line":43,"column":49},"end":{"line":57,"column":3}}},"4":{"name":"(anonymous_4)","decl":{"start":{"line":59,"column":2},"end":{"line":59,"column":8}},"loc":{"start":{"line":59,"column":49},"end":{"line":73,"column":3}}}},"branchMap":{"0":{"loc":{"start":{"line":19,"column":6},"end":{"line":19,"column":83}},"type":"if","locations":[{"start":{"line":19,"column":6},"end":{"line":19,"column":83}},{"start":{},"end":{}}]},"1":{"loc":{"start":{"line":31,"column":6},"end":{"line":33,"column":7}},"type":"if","locations":[{"start":{"line":31,"column":6},"end":{"line":33,"column":7}},{"start":{},"end":{}}]},"2":{"loc":{"start":{"line":31,"column":10},"end":{"line":31,"column":63}},"type":"binary-expr","locations":[{"start":{"line":31,"column":10},"end":{"line":31,"column":17}},{"start":{"line":31,"column":21},"end":{"line":31,"column":30}},{"start":{"line":31,"column":34},"end":{"line":31,"column":50}},{"start":{"line":31,"column":54},"end":{"line":31,"column":63}}]},"3":{"loc":{"start":{"line":48,"column":6},"end":{"line":50,"column":7}},"type":"if","locations":[{"start":{"line":48,"column":6},"end":{"line":50,"column":7}},{"start":{},"end":{}}]},"4":{"loc":{"start":{"line":64,"column":6},"end":{"line":66,"column":7}},"type":"if","locations":[{"start":{"line":64,"column":6},"end":{"line":66,"column":7}},{"start":{},"end":{}}]},"5":{"loc":{"start":{"line":64,"column":10},"end":{"line":64,"column":84}},"type":"binary-expr","locations":[{"start":{"line":64,"column":10},"end":{"line":64,"column":32}},{"start":{"line":64,"column":37},"end":{"line":64,"column":59}},{"start":{"line":64,"column":63},"end":{"line":64,"column":83}}]}},"s":{"0":1,"1":1,"2":1,"3":1,"4":0,"5":0,"6":2,"7":2,"8":2,"9":2,"10":1,"11":1,"12":0,"13":0,"14":2,"15":2,"16":2,"17":1,"18":1,"19":1,"20":0,"21":0,"22":2,"23":2,"24":2,"25":2,"26":1,"27":1,"28":0,"29":0,"30":2,"31":2,"32":2,"33":2,"34":1,"35":1,"36":0,"37":0,"38":1},"f":{"0":1,"1":2,"2":2,"3":2,"4":2},"b":{"0":[1,1],"1":[1,1],"2":[2,1,1,1],"3":[1,1],"4":[1,1],"5":[2,1,0]}}
,"C:\\Users\\kiron\\Desktop\\Medical Appointment & Patient Management System\\api\\src\\appointment\\appointment.router.ts": {"path":"C:\\Users\\kiron\\Desktop\\Medical Appointment & Patient Management System\\api\\src\\appointment\\appointment.router.ts","statementMap":{"0":{"start":{"line":1,"column":0},"end":{"line":1,"column":52}},"1":{"start":{"line":2,"column":0},"end":{"line":2,"column":78}},"2":{"start":{"line":4,"column":15},"end":{"line":4,"column":23}},"3":{"start":{"line":6,"column":0},"end":{"line":8,"column":3}},"4":{"start":{"line":7,"column":2},"end":{"line":7,"column":47}},"5":{"start":{"line":10,"column":0},"end":{"line":12,"column":3}},"6":{"start":{"line":11,"column":2},"end":{"line":11,"column":48}},"7":{"start":{"line":14,"column":0},"end":{"line":16,"column":3}},"8":{"start":{"line":15,"column":2},"end":{"line":15,"column":47}},"9":{"start":{"line":18,"column":0},"end":{"line":20,"column":3}},"10":{"start":{"line":19,"column":2},"end":{"line":19,"column":47}},"11":{"start":{"line":22,"column":0},"end":{"line":24,"column":3}},"12":{"start":{"line":23,"column":2},"end":{"line":23,"column":47}},"13":{"start":{"line":26,"column":0},"end":{"line":26,"column":22}}},"fnMap":{"0":{"name":"(anonymous_0)","decl":{"start":{"line":6,"column":16},"end":{"line":6,"column":21}},"loc":{"start":{"line":6,"column":54},"end":{"line":8,"column":1}}},"1":{"name":"(anonymous_1)","decl":{"start":{"line":10,"column":19},"end":{"line":10,"column":24}},"loc":{"start":{"line":10,"column":57},"end":{"line":12,"column":1}}},"2":{"name":"(anonymous_2)","decl":{"start":{"line":14,"column":17},"end":{"line":14,"column":22}},"loc":{"start":{"line":14,"column":55},"end":{"line":16,"column":1}}},"3":{"name":"(anonymous_3)","decl":{"start":{"line":18,"column":19},"end":{"line":18,"column":24}},"loc":{"start":{"line":18,"column":57},"end":{"line":20,"column":1}}},"4":{"name":"(anonymous_4)","decl":{"start":{"line":22,"column":22},"end":{"line":22,"column":27}},"loc":{"start":{"line":22,"column":60},"end":{"line":24,"column":1}}}},"branchMap":{},"s":{"0":1,"1":1,"2":1,"3":1,"4":1,"5":1,"6":2,"7":1,"8":2,"9":1,"10":2,"11":1,"12":2,"13":1},"f":{"0":1,"1":2,"2":2,"3":2,"4":2},"b":{}}
,"C:\\Users\\kiron\\Desktop\\Medical Appointment & Patient Management System\\api\\src\\appointment\\appointment.service.ts": {"path":"C:\\Users\\kiron\\Desktop\\Medical Appointment & Patient Management System\\api\\src\\appointment\\appointment.service.ts","statementMap":{"0":{"start":{"line":1,"column":0},"end":{"line":1,"column":49}},"1":{"start":{"line":2,"column":0},"end":{"line":2,"column":33}},"2":{"start":{"line":6,"column":4},"end":{"line":6,"column":42}},"3":{"start":{"line":10,"column":4},"end":{"line":10,"column":90}},"4":{"start":{"line":14,"column":4},"end":{"line":14,"column":60}},"5":{"start":{"line":18,"column":4},"end":{"line":18,"column":99}},"6":{"start":{"line":22,"column":4},"end":{"line":22,"column":77}},"7":{"start":{"line":4,"column":0},"end":{"line":4,"column":13}}},"fnMap":{"0":{"name":"(anonymous_0)","decl":{"start":{"line":5,"column":2},"end":{"line":5,"column":8}},"loc":{"start":{"line":5,"column":15},"end":{"line":7,"column":3}}},"1":{"name":"(anonymous_1)","decl":{"start":{"line":9,"column":2},"end":{"line":9,"column":8}},"loc":{"start":{"line":9,"column":27},"end":{"line":11,"column":3}}},"2":{"name":"(anonymous_2)","decl":{"start":{"line":13,"column":2},"end":{"line":13,"column":8}},"loc":{"start":{"line":13,"column":54},"end":{"line":15,"column":3}}},"3":{"name":"(anonymous_3)","decl":{"start":{"line":17,"column":2},"end":{"line":17,"column":8}},"loc":{"start":{"line":17,"column":75},"end":{"line":19,"column":3}}},"4":{"name":"(anonymous_4)","decl":{"start":{"line":21,"column":2},"end":{"line":21,"column":8}},"loc":{"start":{"line":21,"column":26},"end":{"line":23,"column":3}}}},"branchMap":{},"s":{"0":1,"1":1,"2":1,"3":2,"4":1,"5":2,"6":2,"7":1},"f":{"0":1,"1":2,"2":1,"3":2,"4":2},"b":{}}
,"C:\\Users\\kiron\\Desktop\\Medical Appointment & Patient Management System\\api\\src\\auth\\auth.controller.ts": {"path":"C:\\Users\\kiron\\Desktop\\Medical Appointment & Patient Management System\\api\\src\\auth\\auth.controller.ts","statementMap":{"0":{"start":{"line":3,"column":0},"end":{"line":3,"column":58}},"1":{"start":{"line":7,"column":4},"end":{"line":14,"column":5}},"2":{"start":{"line":8,"column":19},"end":{"line":8,"column":55}},"3":{"start":{"line":9,"column":6},"end":{"line":9,"column":33}},"4":{"start":{"line":11,"column":21},"end":{"line":11,"column":40}},"5":{"start":{"line":12,"column":22},"end":{"line":12,"column":60}},"6":{"start":{"line":13,"column":6},"end":{"line":13,"column":50}},"7":{"start":{"line":18,"column":4},"end":{"line":26,"column":5}},"8":{"start":{"line":19,"column":34},"end":{"line":19,"column":42}},"9":{"start":{"line":20,"column":21},"end":{"line":20,"column":61}},"10":{"start":{"line":21,"column":6},"end":{"line":21,"column":35}},"11":{"start":{"line":23,"column":21},"end":{"line":23,"column":40}},"12":{"start":{"line":24,"column":22},"end":{"line":24,"column":53}},"13":{"start":{"line":25,"column":6},"end":{"line":25,"column":50}},"14":{"start":{"line":5,"column":0},"end":{"line":5,"column":13}}},"fnMap":{"0":{"name":"(anonymous_0)","decl":{"start":{"line":6,"column":2},"end":{"line":6,"column":8}},"loc":{"start":{"line":6,"column":51},"end":{"line":15,"column":3}}},"1":{"name":"(anonymous_1)","decl":{"start":{"line":17,"column":2},"end":{"line":17,"column":8}},"loc":{"start":{"line":17,"column":48},"end":{"line":27,"column":3}}}},"branchMap":{"0":{"loc":{"start":{"line":11,"column":21},"end":{"line":11,"column":40}},"type":"binary-expr","locations":[{"start":{"line":11,"column":21},"end":{"line":11,"column":33}},{"start":{"line":11,"column":37},"end":{"line":11,"column":40}}]},"1":{"loc":{"start":{"line":12,"column":22},"end":{"line":12,"column":60}},"type":"binary-expr","locations":[{"start":{"line":12,"column":22},"end":{"line":12,"column":35}},{"start":{"line":12,"column":39},"end":{"line":12,"column":60}}]},"2":{"loc":{"start":{"line":23,"column":21},"end":{"line":23,"column":40}},"type":"binary-expr","locations":[{"start":{"line":23,"column":21},"end":{"line":23,"column":33}},{"start":{"line":23,"column":37},"end":{"line":23,"column":40}}]},"3":{"loc":{"start":{"line":24,"column":22},"end":{"line":24,"column":53}},"type":"binary-expr","locations":[{"start":{"line":24,"column":22},"end":{"line":24,"column":35}},{"start":{"line":24,"column":39},"end":{"line":24,"column":53}}]}},"s":{"0":1,"1":5,"2":5,"3":2,"4":3,"5":3,"6":3,"7":5,"8":5,"9":5,"10":1,"11":4,"12":4,"13":4,"14":1},"f":{"0":5,"1":5},"b":{"0":[3,0],"1":[3,0],"2":[4,0],"3":[4,0]}}
,"C:\\Users\\kiron\\Desktop\\Medical Appointment & Patient Management System\\api\\src\\auth\\auth.router.ts": {"path":"C:\\Users\\kiron\\Desktop\\Medical Appointment & Patient Management System\\api\\src\\auth\\auth.router.ts","statementMap":{"0":{"start":{"line":2,"column":0},"end":{"line":2,"column":33}},"1":{"start":{"line":3,"column":0},"end":{"line":3,"column":51}},"2":{"start":{"line":5,"column":15},"end":{"line":5,"column":23}},"3":{"start":{"line":7,"column":0},"end":{"line":7,"column":50}},"4":{"start":{"line":8,"column":0},"end":{"line":8,"column":44}},"5":{"start":{"line":10,"column":0},"end":{"line":10,"column":22}}},"fnMap":{},"branchMap":{},"s":{"0":1,"1":1,"2":1,"3":1,"4":1,"5":1},"f":{},"b":{}}
,"C:\\Users\\kiron\\Desktop\\Medical Appointment & Patient Management System\\api\\src\\auth\\auth.service.ts": {"path":"C:\\Users\\kiron\\Desktop\\Medical Appointment & Patient Management System\\api\\src\\auth\\auth.service.ts","statementMap":{"0":{"start":{"line":2,"column":0},"end":{"line":2,"column":42}},"1":{"start":{"line":3,"column":0},"end":{"line":3,"column":33}},"2":{"start":{"line":4,"column":0},"end":{"line":4,"column":30}},"3":{"start":{"line":5,"column":0},"end":{"line":5,"column":31}},"4":{"start":{"line":14,"column":53},"end":{"line":14,"column":61}},"5":{"start":{"line":17,"column":4},"end":{"line":19,"column":5}},"6":{"start":{"line":18,"column":6},"end":{"line":18,"column":64}},"7":{"start":{"line":21,"column":23},"end":{"line":21,"column":51}},"8":{"start":{"line":22,"column":4},"end":{"line":24,"column":5}},"9":{"start":{"line":23,"column":6},"end":{"line":23,"column":61}},"10":{"start":{"line":26,"column":25},"end":{"line":28,"column":6}},"11":{"start":{"line":30,"column":4},"end":{"line":32,"column":5}},"12":{"start":{"line":31,"column":6},"end":{"line":31,"column":61}},"13":{"start":{"line":34,"column":27},"end":{"line":34,"column":58}},"14":{"start":{"line":36,"column":19},"end":{"line":41,"column":18}},"15":{"start":{"line":43,"column":4},"end":{"line":43,"column":16}},"16":{"start":{"line":47,"column":4},"end":{"line":49,"column":5}},"17":{"start":{"line":48,"column":6},"end":{"line":48,"column":72}},"18":{"start":{"line":51,"column":23},"end":{"line":51,"column":51}},"19":{"start":{"line":52,"column":4},"end":{"line":54,"column":5}},"20":{"start":{"line":53,"column":6},"end":{"line":53,"column":61}},"21":{"start":{"line":56,"column":17},"end":{"line":58,"column":6}},"22":{"start":{"line":60,"column":4},"end":{"line":62,"column":5}},"23":{"start":{"line":61,"column":6},"end":{"line":61,"column":66}},"24":{"start":{"line":64,"column":18},"end":{"line":64,"column":63}},"25":{"start":{"line":65,"column":4},"end":{"line":67,"column":5}},"26":{"start":{"line":66,"column":6},"end":{"line":66,"column":66}},"27":{"start":{"line":69,"column":18},"end":{"line":72,"column":null}},"28":{"start":{"line":75,"column":4},"end":{"line":75,"column":27}},"29":{"start":{"line":7,"column":0},"end":{"line":7,"column":13}}},"fnMap":{"0":{"name":"(anonymous_1)","decl":{"start":{"line":8,"column":2},"end":{"line":8,"column":8}},"loc":{"start":{"line":13,"column":3},"end":{"line":44,"column":3}}},"1":{"name":"(anonymous_2)","decl":{"start":{"line":46,"column":2},"end":{"line":46,"column":8}},"loc":{"start":{"line":46,"column":52},"end":{"line":76,"column":3}}}},"branchMap":{"0":{"loc":{"start":{"line":17,"column":4},"end":{"line":19,"column":5}},"type":"if","locations":[{"start":{"line":17,"column":4},"end":{"line":19,"column":5}},{"start":{},"end":{}}]},"1":{"loc":{"start":{"line":17,"column":8},"end":{"line":17,"column":54}},"type":"binary-expr","locations":[{"start":{"line":17,"column":8},"end":{"line":17,"column":18}},{"start":{"line":17,"column":22},"end":{"line":17,"column":31}},{"start":{"line":17,"column":35},"end":{"line":17,"column":41}},{"start":{"line":17,"column":45},"end":{"line":17,"column":54}}]},"2":{"loc":{"start":{"line":22,"column":4},"end":{"line":24,"column":5}},"type":"if","locations":[{"start":{"line":22,"column":4},"end":{"line":24,"column":5}},{"start":{},"end":{}}]},"3":{"loc":{"start":{"line":30,"column":4},"end":{"line":32,"column":5}},"type":"if","locations":[{"start":{"line":30,"column":4},"end":{"line":32,"column":5}},{"start":{},"end":{}}]},"4":{"loc":{"start":{"line":47,"column":4},"end":{"line":49,"column":5}},"type":"if","locations":[{"start":{"line":47,"column":4},"end":{"line":49,"column":5}},{"start":{},"end":{}}]},"5":{"loc":{"start":{"line":47,"column":8},"end":{"line":47,"column":27}},"type":"binary-expr","locations":[{"start":{"line":47,"column":8},"end":{"line":47,"column":14}},{"start":{"line":47,"column":18},"end":{"line":47,"column":27}}]},"6":{"loc":{"start":{"line":52,"column":4},"end":{"line":54,"column":5}},"type":"if","locations":[{"start":{"line":52,"column":4},"end":{"line":54,"column":5}},{"start":{},"end":{}}]},"7":{"loc":{"start":{"line":60,"column":4},"end":{"line":62,"column":5}},"type":"if","locations":[{"start":{"line":60,"column":4},"end":{"line":62,"column":5}},{"start":{},"end":{}}]},"8":{"loc":{"start":{"line":65,"column":4},"end":{"line":67,"column":5}},"type":"if","locations":[{"start":{"line":65,"column":4},"end":{"line":67,"column":5}},{"start":{},"end":{}}]}},"s":{"0":1,"1":1,"2":1,"3":1,"4":5,"5":5,"6":1,"7":4,"8":4,"9":1,"10":3,"11":3,"12":1,"13":2,"14":2,"15":2,"16":5,"17":1,"18":4,"19":4,"20":1,"21":3,"22":3,"23":1,"24":2,"25":2,"26":1,"27":1,"28":1,"29":1},"f":{"0":5,"1":5},"b":{"0":[1,4],"1":[5,4,4,4],"2":[1,3],"3":[1,2],"4":[1,4],"5":[5,5],"6":[1,3],"7":[1,2],"8":[1,1]}}
,"C:\\Users\\kiron\\Desktop\\Medical Appointment & Patient Management System\\api\\src\\complaints\\complaints.controller.ts": {"path":"C:\\Users\\kiron\\Desktop\\Medical Appointment & Patient Management System\\api\\src\\complaints\\complaints.controller.ts","statementMap":{"0":{"start":{"line":2,"column":0},"end":{"line":2,"column":68}},"1":{"start":{"line":6,"column":19},"end":{"line":6,"column":50}},"2":{"start":{"line":7,"column":4},"end":{"line":7,"column":21}},"3":{"start":{"line":11,"column":15},"end":{"line":11,"column":38}},"4":{"start":{"line":12,"column":4},"end":{"line":12,"column":89}},"5":{"start":{"line":12,"column":19},"end":{"line":12,"column":89}},"6":{"start":{"line":14,"column":19},"end":{"line":14,"column":53}},"7":{"start":{"line":15,"column":4},"end":{"line":15,"column":79}},"8":{"start":{"line":15,"column":17},"end":{"line":15,"column":79}},"9":{"start":{"line":17,"column":4},"end":{"line":17,"column":21}},"10":{"start":{"line":21,"column":45},"end":{"line":21,"column":53}},"11":{"start":{"line":23,"column":4},"end":{"line":25,"column":5}},"12":{"start":{"line":24,"column":6},"end":{"line":24,"column":94}},"13":{"start":{"line":27,"column":4},"end":{"line":29,"column":5}},"14":{"start":{"line":28,"column":6},"end":{"line":28,"column":72}},"15":{"start":{"line":31,"column":4},"end":{"line":36,"column":5}},"16":{"start":{"line":32,"column":26},"end":{"line":32,"column":65}},"17":{"start":{"line":33,"column":6},"end":{"line":33,"column":38}},"18":{"start":{"line":35,"column":6},"end":{"line":35,"column":68}},"19":{"start":{"line":40,"column":15},"end":{"line":40,"column":38}},"20":{"start":{"line":41,"column":4},"end":{"line":41,"column":89}},"21":{"start":{"line":41,"column":19},"end":{"line":41,"column":89}},"22":{"start":{"line":43,"column":19},"end":{"line":43,"column":53}},"23":{"start":{"line":44,"column":4},"end":{"line":44,"column":79}},"24":{"start":{"line":44,"column":17},"end":{"line":44,"column":79}},"25":{"start":{"line":46,"column":24},"end":{"line":46,"column":67}},"26":{"start":{"line":47,"column":4},"end":{"line":47,"column":24}},"27":{"start":{"line":51,"column":15},"end":{"line":51,"column":38}},"28":{"start":{"line":52,"column":4},"end":{"line":52,"column":89}},"29":{"start":{"line":52,"column":19},"end":{"line":52,"column":89}},"30":{"start":{"line":54,"column":19},"end":{"line":54,"column":53}},"31":{"start":{"line":55,"column":4},"end":{"line":55,"column":79}},"32":{"start":{"line":55,"column":17},"end":{"line":55,"column":79}},"33":{"start":{"line":57,"column":4},"end":{"line":57,"column":38}},"34":{"start":{"line":58,"column":4},"end":{"line":58,"column":27}},"35":{"start":{"line":4,"column":0},"end":{"line":4,"column":13}}},"fnMap":{"0":{"name":"(anonymous_0)","decl":{"start":{"line":5,"column":2},"end":{"line":5,"column":8}},"loc":{"start":{"line":5,"column":50},"end":{"line":8,"column":3}}},"1":{"name":"(anonymous_1)","decl":{"start":{"line":10,"column":2},"end":{"line":10,"column":8}},"loc":{"start":{"line":10,"column":50},"end":{"line":18,"column":3}}},"2":{"name":"(anonymous_2)","decl":{"start":{"line":20,"column":2},"end":{"line":20,"column":8}},"loc":{"start":{"line":20,"column":49},"end":{"line":37,"column":3}}},"3":{"name":"(anonymous_3)","decl":{"start":{"line":39,"column":2},"end":{"line":39,"column":8}},"loc":{"start":{"line":39,"column":49},"end":{"line":48,"column":3}}},"4":{"name":"(anonymous_4)","decl":{"start":{"line":50,"column":2},"end":{"line":50,"column":8}},"loc":{"start":{"line":50,"column":49},"end":{"line":59,"column":3}}}},"branchMap":{"0":{"loc":{"start":{"line":12,"column":4},"end":{"line":12,"column":89}},"type":"if","locations":[{"start":{"line":12,"column":4},"end":{"line":12,"column":89}},{"start":{},"end":{}}]},"1":{"loc":{"start":{"line":15,"column":4},"end":{"line":15,"column":79}},"type":"if","locations":[{"start":{"line":15,"column":4},"end":{"line":15,"column":79}},{"start":{},"end":{}}]},"2":{"loc":{"start":{"line":23,"column":4},"end":{"line":25,"column":5}},"type":"if","locations":[{"start":{"line":23,"column":4},"end":{"line":25,"column":5}},{"start":{},"end":{}}]},"3":{"loc":{"start":{"line":23,"column":8},"end":{"line":23,"column":43}},"type":"binary-expr","locations":[{"start":{"line":23,"column":8},"end":{"line":23,"column":15}},{"start":{"line":23,"column":19},"end":{"line":23,"column":27}},{"start":{"line":23,"column":31},"end":{"line":23,"column":43}}]},"4":{"loc":{"start":{"line":27,"column":4},"end":{"line":29,"column":5}},"type":"if","locations":[{"start":{"line":27,"column":4},"end":{"line":29,"column":5}},{"start":{},"end":{}}]},"5":{"loc":{"start":{"line":41,"column":4},"end":{"line":41,"column":89}},"type":"if","locations":[{"start":{"line":41,"column":4},"end":{"line":41,"column":89}},{"start":{},"end":{}}]},"6":{"loc":{"start":{"line":44,"column":4},"end":{"line":44,"column":79}},"type":"if","locations":[{"start":{"line":44,"column":4},"end":{"line":44,"column":79}},{"start":{},"end":{}}]},"7":{"loc":{"start":{"line":52,"column":4},"end":{"line":52,"column":89}},"type":"if","locations":[{"start":{"line":52,"column":4},"end":{"line":52,"column":89}},{"start":{},"end":{}}]},"8":{"loc":{"start":{"line":55,"column":4},"end":{"line":55,"column":79}},"type":"if","locations":[{"start":{"line":55,"column":4},"end":{"line":55,"column":79}},{"start":{},"end":{}}]}},"s":{"0":1,"1":1,"2":1,"3":3,"4":3,"5":1,"6":2,"7":2,"8":1,"9":1,"10":3,"11":3,"12":1,"13":2,"14":1,"15":1,"16":1,"17":1,"18":0,"19":3,"20":3,"21":1,"22":2,"23":2,"24":1,"25":1,"26":1,"27":3,"28":3,"29":1,"30":2,"31":2,"32":1,"33":1,"34":1,"35":1},"f":{"0":1,"1":3,"2":3,"3":3,"4":3},"b":{"0":[1,2],"1":[1,1],"2":[1,2],"3":[3,2,2],"4":[1,1],"5":[1,2],"6":[1,1],"7":[1,2],"8":[1,1]}}
,"C:\\Users\\kiron\\Desktop\\Medical Appointment & Patient Management System\\api\\src\\complaints\\complaints.router.ts": {"path":"C:\\Users\\kiron\\Desktop\\Medical Appointment & Patient Management System\\api\\src\\complaints\\complaints.router.ts","statementMap":{"0":{"start":{"line":1,"column":0},"end":{"line":1,"column":52}},"1":{"start":{"line":2,"column":0},"end":{"line":2,"column":74}},"2":{"start":{"line":4,"column":15},"end":{"line":4,"column":23}},"3":{"start":{"line":6,"column":0},"end":{"line":8,"column":3}},"4":{"start":{"line":7,"column":2},"end":{"line":7,"column":45}},"5":{"start":{"line":10,"column":0},"end":{"line":12,"column":3}},"6":{"start":{"line":11,"column":2},"end":{"line":11,"column":46}},"7":{"start":{"line":14,"column":0},"end":{"line":16,"column":3}},"8":{"start":{"line":15,"column":2},"end":{"line":15,"column":45}},"9":{"start":{"line":18,"column":0},"end":{"line":20,"column":3}},"10":{"start":{"line":19,"column":2},"end":{"line":19,"column":45}},"11":{"start":{"line":22,"column":0},"end":{"line":24,"column":3}},"12":{"start":{"line":23,"column":2},"end":{"line":23,"column":45}},"13":{"start":{"line":26,"column":0},"end":{"line":26,"column":22}}},"fnMap":{"0":{"name":"(anonymous_0)","decl":{"start":{"line":6,"column":16},"end":{"line":6,"column":21}},"loc":{"start":{"line":6,"column":54},"end":{"line":8,"column":1}}},"1":{"name":"(anonymous_1)","decl":{"start":{"line":10,"column":19},"end":{"line":10,"column":24}},"loc":{"start":{"line":10,"column":57},"end":{"line":12,"column":1}}},"2":{"name":"(anonymous_2)","decl":{"start":{"line":14,"column":17},"end":{"line":14,"column":22}},"loc":{"start":{"line":14,"column":55},"end":{"line":16,"column":1}}},"3":{"name":"(anonymous_3)","decl":{"start":{"line":18,"column":19},"end":{"line":18,"column":24}},"loc":{"start":{"line":18,"column":57},"end":{"line":20,"column":1}}},"4":{"name":"(anonymous_4)","decl":{"start":{"line":22,"column":22},"end":{"line":22,"column":27}},"loc":{"start":{"line":22,"column":60},"end":{"line":24,"column":1}}}},"branchMap":{},"s":{"0":1,"1":1,"2":1,"3":1,"4":1,"5":1,"6":3,"7":1,"8":3,"9":1,"10":3,"11":1,"12":3,"13":1},"f":{"0":1,"1":3,"2":3,"3":3,"4":3},"b":{}}
,"C:\\Users\\kiron\\Desktop\\Medical Appointment & Patient Management System\\api\\src\\complaints\\complaints.service.ts": {"path":"C:\\Users\\kiron\\Desktop\\Medical Appointment & Patient Management System\\api\\src\\complaints\\complaints.service.ts","statementMap":{"0":{"start":{"line":1,"column":0},"end":{"line":1,"column":47}},"1":{"start":{"line":2,"column":0},"end":{"line":2,"column":33}},"2":{"start":{"line":6,"column":4},"end":{"line":6,"column":40}},"3":{"start":{"line":10,"column":4},"end":{"line":10,"column":84}},"4":{"start":{"line":14,"column":4},"end":{"line":14,"column":58}},"5":{"start":{"line":18,"column":4},"end":{"line":18,"column":93}},"6":{"start":{"line":22,"column":4},"end":{"line":22,"column":71}},"7":{"start":{"line":4,"column":0},"end":{"line":4,"column":13}}},"fnMap":{"0":{"name":"(anonymous_0)","decl":{"start":{"line":5,"column":2},"end":{"line":5,"column":8}},"loc":{"start":{"line":5,"column":15},"end":{"line":7,"column":3}}},"1":{"name":"(anonymous_1)","decl":{"start":{"line":9,"column":2},"end":{"line":9,"column":8}},"loc":{"start":{"line":9,"column":27},"end":{"line":11,"column":3}}},"2":{"name":"(anonymous_2)","decl":{"start":{"line":13,"column":2},"end":{"line":13,"column":8}},"loc":{"start":{"line":13,"column":52},"end":{"line":15,"column":3}}},"3":{"name":"(anonymous_3)","decl":{"start":{"line":17,"column":2},"end":{"line":17,"column":8}},"loc":{"start":{"line":17,"column":73},"end":{"line":19,"column":3}}},"4":{"name":"(anonymous_4)","decl":{"start":{"line":21,"column":2},"end":{"line":21,"column":8}},"loc":{"start":{"line":21,"column":26},"end":{"line":23,"column":3}}}},"branchMap":{},"s":{"0":1,"1":1,"2":1,"3":6,"4":1,"5":1,"6":1,"7":1},"f":{"0":1,"1":6,"2":1,"3":1,"4":1},"b":{}}
,"C:\\Users\\kiron\\Desktop\\Medical Appointment & Patient Management System\\api\\src\\doctor\\doctor.controller.ts": {"path":"C:\\Users\\kiron\\Desktop\\Medical Appointment & Patient Management System\\api\\src\\doctor\\doctor.controller.ts","statementMap":{"0":{"start":{"line":2,"column":0},"end":{"line":2,"column":57}},"1":{"start":{"line":6,"column":4},"end":{"line":12,"column":5}},"2":{"start":{"line":7,"column":21},"end":{"line":7,"column":49}},"3":{"start":{"line":8,"column":6},"end":{"line":8,"column":23}},"4":{"start":{"line":10,"column":6},"end":{"line":10,"column":63}},"5":{"start":{"line":11,"column":6},"end":{"line":11,"column":87}},"6":{"start":{"line":16,"column":15},"end":{"line":16,"column":36}},"7":{"start":{"line":17,"column":4},"end":{"line":19,"column":5}},"8":{"start":{"line":18,"column":6},"end":{"line":18,"column":66}},"9":{"start":{"line":21,"column":4},"end":{"line":27,"column":5}},"10":{"start":{"line":22,"column":21},"end":{"line":22,"column":52}},"11":{"start":{"line":23,"column":6},"end":{"line":23,"column":78}},"12":{"start":{"line":23,"column":19},"end":{"line":23,"column":78}},"13":{"start":{"line":24,"column":6},"end":{"line":24,"column":23}},"14":{"start":{"line":26,"column":6},"end":{"line":26,"column":87}},"15":{"start":{"line":31,"column":4},"end":{"line":36,"column":5}},"16":{"start":{"line":32,"column":23},"end":{"line":32,"column":59}},"17":{"start":{"line":33,"column":6},"end":{"line":33,"column":35}},"18":{"start":{"line":35,"column":6},"end":{"line":35,"column":89}},"19":{"start":{"line":40,"column":15},"end":{"line":40,"column":36}},"20":{"start":{"line":41,"column":4},"end":{"line":43,"column":5}},"21":{"start":{"line":42,"column":6},"end":{"line":42,"column":66}},"22":{"start":{"line":45,"column":4},"end":{"line":51,"column":5}},"23":{"start":{"line":46,"column":23},"end":{"line":46,"column":63}},"24":{"start":{"line":47,"column":6},"end":{"line":47,"column":78}},"25":{"start":{"line":47,"column":19},"end":{"line":47,"column":78}},"26":{"start":{"line":48,"column":6},"end":{"line":48,"column":23}},"27":{"start":{"line":50,"column":6},"end":{"line":50,"column":89}},"28":{"start":{"line":55,"column":15},"end":{"line":55,"column":36}},"29":{"start":{"line":56,"column":4},"end":{"line":58,"column":5}},"30":{"start":{"line":57,"column":6},"end":{"line":57,"column":66}},"31":{"start":{"line":60,"column":4},"end":{"line":68,"column":5}},"32":{"start":{"line":61,"column":22},"end":{"line":61,"column":52}},"33":{"start":{"line":62,"column":6},"end":{"line":64,"column":7}},"34":{"start":{"line":63,"column":8},"end":{"line":63,"column":67}},"35":{"start":{"line":65,"column":6},"end":{"line":65,"column":29}},"36":{"start":{"line":67,"column":6},"end":{"line":67,"column":89}},"37":{"start":{"line":4,"column":0},"end":{"line":4,"column":13}}},"fnMap":{"0":{"name":"(anonymous_0)","decl":{"start":{"line":5,"column":2},"end":{"line":5,"column":8}},"loc":{"start":{"line":5,"column":50},"end":{"line":13,"column":3}}},"1":{"name":"(anonymous_1)","decl":{"start":{"line":15,"column":2},"end":{"line":15,"column":8}},"loc":{"start":{"line":15,"column":50},"end":{"line":28,"column":3}}},"2":{"name":"(anonymous_2)","decl":{"start":{"line":30,"column":2},"end":{"line":30,"column":8}},"loc":{"start":{"line":30,"column":49},"end":{"line":37,"column":3}}},"3":{"name":"(anonymous_3)","decl":{"start":{"line":39,"column":2},"end":{"line":39,"column":8}},"loc":{"start":{"line":39,"column":49},"end":{"line":52,"column":3}}},"4":{"name":"(anonymous_4)","decl":{"start":{"line":54,"column":2},"end":{"line":54,"column":8}},"loc":{"start":{"line":54,"column":49},"end":{"line":69,"column":3}}}},"branchMap":{"0":{"loc":{"start":{"line":17,"column":4},"end":{"line":19,"column":5}},"type":"if","locations":[{"start":{"line":17,"column":4},"end":{"line":19,"column":5}},{"start":{},"end":{}}]},"1":{"loc":{"start":{"line":23,"column":6},"end":{"line":23,"column":78}},"type":"if","locations":[{"start":{"line":23,"column":6},"end":{"line":23,"column":78}},{"start":{},"end":{}}]},"2":{"loc":{"start":{"line":41,"column":4},"end":{"line":43,"column":5}},"type":"if","locations":[{"start":{"line":41,"column":4},"end":{"line":43,"column":5}},{"start":{},"end":{}}]},"3":{"loc":{"start":{"line":47,"column":6},"end":{"line":47,"column":78}},"type":"if","locations":[{"start":{"line":47,"column":6},"end":{"line":47,"column":78}},{"start":{},"end":{}}]},"4":{"loc":{"start":{"line":56,"column":4},"end":{"line":58,"column":5}},"type":"if","locations":[{"start":{"line":56,"column":4},"end":{"line":58,"column":5}},{"start":{},"end":{}}]},"5":{"loc":{"start":{"line":62,"column":6},"end":{"line":64,"column":7}},"type":"if","locations":[{"start":{"line":62,"column":6},"end":{"line":64,"column":7}},{"start":{},"end":{}}]}},"s":{"0":1,"1":1,"2":1,"3":1,"4":0,"5":0,"6":4,"7":4,"8":1,"9":3,"10":3,"11":3,"12":2,"13":1,"14":0,"15":3,"16":3,"17":1,"18":2,"19":3,"20":3,"21":1,"22":2,"23":2,"24":1,"25":0,"26":1,"27":1,"28":2,"29":2,"30":1,"31":1,"32":1,"33":1,"34":0,"35":1,"36":0,"37":1},"f":{"0":1,"1":4,"2":3,"3":3,"4":2},"b":{"0":[1,3],"1":[2,1],"2":[1,2],"3":[0,1],"4":[1,1],"5":[0,1]}}
,"C:\\Users\\kiron\\Desktop\\Medical Appointment & Patient Management System\\api\\src\\doctor\\doctor.router.ts": {"path":"C:\\Users\\kiron\\Desktop\\Medical Appointment & Patient Management System\\api\\src\\doctor\\doctor.router.ts","statementMap":{"0":{"start":{"line":1,"column":0},"end":{"line":1,"column":52}},"1":{"start":{"line":2,"column":0},"end":{"line":2,"column":63}},"2":{"start":{"line":4,"column":15},"end":{"line":4,"column":23}},"3":{"start":{"line":6,"column":0},"end":{"line":8,"column":3}},"4":{"start":{"line":7,"column":2},"end":{"line":7,"column":42}},"5":{"start":{"line":10,"column":0},"end":{"line":12,"column":3}},"6":{"start":{"line":11,"column":2},"end":{"line":11,"column":43}},"7":{"start":{"line":14,"column":0},"end":{"line":16,"column":3}},"8":{"start":{"line":15,"column":2},"end":{"line":15,"column":42}},"9":{"start":{"line":18,"column":0},"end":{"line":20,"column":3}},"10":{"start":{"line":19,"column":2},"end":{"line":19,"column":42}},"11":{"start":{"line":22,"column":0},"end":{"line":24,"column":3}},"12":{"start":{"line":23,"column":2},"end":{"line":23,"column":42}},"13":{"start":{"line":26,"column":0},"end":{"line":26,"column":22}}},"fnMap":{"0":{"name":"(anonymous_0)","decl":{"start":{"line":6,"column":16},"end":{"line":6,"column":21}},"loc":{"start":{"line":6,"column":54},"end":{"line":8,"column":1}}},"1":{"name":"(anonymous_1)","decl":{"start":{"line":10,"column":19},"end":{"line":10,"column":24}},"loc":{"start":{"line":10,"column":57},"end":{"line":12,"column":1}}},"2":{"name":"(anonymous_2)","decl":{"start":{"line":14,"column":17},"end":{"line":14,"column":22}},"loc":{"start":{"line":14,"column":55},"end":{"line":16,"column":1}}},"3":{"name":"(anonymous_3)","decl":{"start":{"line":18,"column":19},"end":{"line":18,"column":24}},"loc":{"start":{"line":18,"column":57},"end":{"line":20,"column":1}}},"4":{"name":"(anonymous_4)","decl":{"start":{"line":22,"column":22},"end":{"line":22,"column":27}},"loc":{"start":{"line":22,"column":60},"end":{"line":24,"column":1}}}},"branchMap":{},"s":{"0":1,"1":1,"2":1,"3":1,"4":1,"5":1,"6":4,"7":1,"8":3,"9":1,"10":3,"11":1,"12":2,"13":1},"f":{"0":1,"1":4,"2":3,"3":3,"4":2},"b":{}}
,"C:\\Users\\kiron\\Desktop\\Medical Appointment & Patient Management System\\api\\src\\doctor\\doctor.service.ts": {"path":"C:\\Users\\kiron\\Desktop\\Medical Appointment & Patient Management System\\api\\src\\doctor\\doctor.service.ts","statementMap":{"0":{"start":{"line":1,"column":0},"end":{"line":1,"column":44}},"1":{"start":{"line":2,"column":0},"end":{"line":2,"column":33}},"2":{"start":{"line":6,"column":4},"end":{"line":13,"column":5}},"3":{"start":{"line":7,"column":21},"end":{"line":7,"column":54}},"4":{"start":{"line":8,"column":6},"end":{"line":8,"column":53}},"5":{"start":{"line":9,"column":6},"end":{"line":9,"column":20}},"6":{"start":{"line":11,"column":6},"end":{"line":11,"column":63}},"7":{"start":{"line":12,"column":6},"end":{"line":12,"column":18}},"8":{"start":{"line":17,"column":4},"end":{"line":17,"column":81}},"9":{"start":{"line":21,"column":4},"end":{"line":21,"column":61}},"10":{"start":{"line":25,"column":4},"end":{"line":25,"column":90}},"11":{"start":{"line":29,"column":4},"end":{"line":29,"column":68}},"12":{"start":{"line":4,"column":0},"end":{"line":4,"column":13}}},"fnMap":{"0":{"name":"(anonymous_0)","decl":{"start":{"line":5,"column":2},"end":{"line":5,"column":8}},"loc":{"start":{"line":5,"column":21},"end":{"line":14,"column":3}}},"1":{"name":"(anonymous_1)","decl":{"start":{"line":16,"column":2},"end":{"line":16,"column":8}},"loc":{"start":{"line":16,"column":33},"end":{"line":18,"column":3}}},"2":{"name":"(anonymous_2)","decl":{"start":{"line":20,"column":2},"end":{"line":20,"column":8}},"loc":{"start":{"line":20,"column":55},"end":{"line":22,"column":3}}},"3":{"name":"(anonymous_3)","decl":{"start":{"line":24,"column":2},"end":{"line":24,"column":8}},"loc":{"start":{"line":24,"column":76},"end":{"line":26,"column":3}}},"4":{"name":"(anonymous_4)","decl":{"start":{"line":28,"column":2},"end":{"line":28,"column":8}},"loc":{"start":{"line":28,"column":32},"end":{"line":30,"column":3}}}},"branchMap":{},"s":{"0":1,"1":1,"2":1,"3":1,"4":1,"5":1,"6":0,"7":0,"8":3,"9":3,"10":2,"11":1,"12":1},"f":{"0":1,"1":3,"2":3,"3":2,"4":1},"b":{}}
,"C:\\Users\\kiron\\Desktop\\Medical Appointment & Patient Management System\\api\\src\\payments\\payments.controller.ts": {"path":"C:\\Users\\kiron\\Desktop\\Medical Appointment & Patient Management System\\api\\src\\payments\\payments.controller.ts","statementMap":{"0":{"start":{"line":2,"column":0},"end":{"line":2,"column":62}},"1":{"start":{"line":6,"column":4},"end":{"line":11,"column":5}},"2":{"start":{"line":7,"column":21},"end":{"line":7,"column":50}},"3":{"start":{"line":8,"column":6},"end":{"line":8,"column":23}},"4":{"start":{"line":10,"column":6},"end":{"line":10,"column":80}},"5":{"start":{"line":15,"column":15},"end":{"line":15,"column":38}},"6":{"start":{"line":16,"column":4},"end":{"line":16,"column":79}},"7":{"start":{"line":16,"column":19},"end":{"line":16,"column":79}},"8":{"start":{"line":18,"column":4},"end":{"line":24,"column":5}},"9":{"start":{"line":19,"column":21},"end":{"line":19,"column":53}},"10":{"start":{"line":20,"column":6},"end":{"line":20,"column":79}},"11":{"start":{"line":20,"column":19},"end":{"line":20,"column":79}},"12":{"start":{"line":21,"column":6},"end":{"line":21,"column":23}},"13":{"start":{"line":23,"column":6},"end":{"line":23,"column":53}},"14":{"start":{"line":28,"column":54},"end":{"line":28,"column":62}},"15":{"start":{"line":31,"column":4},"end":{"line":33,"column":5}},"16":{"start":{"line":32,"column":6},"end":{"line":32,"column":72}},"17":{"start":{"line":35,"column":4},"end":{"line":37,"column":5}},"18":{"start":{"line":36,"column":6},"end":{"line":36,"column":70}},"19":{"start":{"line":39,"column":4},"end":{"line":44,"column":5}},"20":{"start":{"line":40,"column":24},"end":{"line":40,"column":61}},"21":{"start":{"line":41,"column":6},"end":{"line":41,"column":36}},"22":{"start":{"line":43,"column":6},"end":{"line":43,"column":53}},"23":{"start":{"line":48,"column":15},"end":{"line":48,"column":38}},"24":{"start":{"line":49,"column":4},"end":{"line":49,"column":79}},"25":{"start":{"line":49,"column":19},"end":{"line":49,"column":79}},"26":{"start":{"line":51,"column":4},"end":{"line":59,"column":5}},"27":{"start":{"line":52,"column":23},"end":{"line":52,"column":55}},"28":{"start":{"line":53,"column":6},"end":{"line":53,"column":81}},"29":{"start":{"line":53,"column":21},"end":{"line":53,"column":81}},"30":{"start":{"line":55,"column":24},"end":{"line":55,"column":65}},"31":{"start":{"line":56,"column":6},"end":{"line":56,"column":24}},"32":{"start":{"line":58,"column":6},"end":{"line":58,"column":53}},"33":{"start":{"line":63,"column":15},"end":{"line":63,"column":38}},"34":{"start":{"line":64,"column":4},"end":{"line":64,"column":79}},"35":{"start":{"line":64,"column":19},"end":{"line":64,"column":79}},"36":{"start":{"line":66,"column":4},"end":{"line":74,"column":5}},"37":{"start":{"line":67,"column":23},"end":{"line":67,"column":55}},"38":{"start":{"line":68,"column":6},"end":{"line":68,"column":81}},"39":{"start":{"line":68,"column":21},"end":{"line":68,"column":81}},"40":{"start":{"line":70,"column":6},"end":{"line":70,"column":38}},"41":{"start":{"line":71,"column":6},"end":{"line":71,"column":29}},"42":{"start":{"line":73,"column":6},"end":{"line":73,"column":53}},"43":{"start":{"line":4,"column":0},"end":{"line":4,"column":13}}},"fnMap":{"0":{"name":"(anonymous_0)","decl":{"start":{"line":5,"column":2},"end":{"line":5,"column":8}},"loc":{"start":{"line":5,"column":50},"end":{"line":12,"column":3}}},"1":{"name":"(anonymous_1)","decl":{"start":{"line":14,"column":2},"end":{"line":14,"column":8}},"loc":{"start":{"line":14,"column":50},"end":{"line":25,"column":3}}},"2":{"name":"(anonymous_2)","decl":{"start":{"line":27,"column":2},"end":{"line":27,"column":8}},"loc":{"start":{"line":27,"column":49},"end":{"line":45,"column":3}}},"3":{"name":"(anonymous_3)","decl":{"start":{"line":47,"column":2},"end":{"line":47,"column":8}},"loc":{"start":{"line":47,"column":49},"end":{"line":60,"column":3}}},"4":{"name":"(anonymous_4)","decl":{"start":{"line":62,"column":2},"end":{"line":62,"column":8}},"loc":{"start":{"line":62,"column":49},"end":{"line":75,"column":3}}}},"branchMap":{"0":{"loc":{"start":{"line":10,"column":36},"end":{"line":10,"column":76}},"type":"binary-expr","locations":[{"start":{"line":10,"column":36},"end":{"line":10,"column":49}},{"start":{"line":10,"column":53},"end":{"line":10,"column":76}}]},"1":{"loc":{"start":{"line":16,"column":4},"end":{"line":16,"column":79}},"type":"if","locations":[{"start":{"line":16,"column":4},"end":{"line":16,"column":79}},{"start":{},"end":{}}]},"2":{"loc":{"start":{"line":20,"column":6},"end":{"line":20,"column":79}},"type":"if","locations":[{"start":{"line":20,"column":6},"end":{"line":20,"column":79}},{"start":{},"end":{}}]},"3":{"loc":{"start":{"line":31,"column":4},"end":{"line":33,"column":5}},"type":"if","locations":[{"start":{"line":31,"column":4},"end":{"line":33,"column":5}},{"start":{},"end":{}}]},"4":{"loc":{"start":{"line":31,"column":8},"end":{"line":31,"column":55}},"type":"binary-expr","locations":[{"start":{"line":31,"column":8},"end":{"line":31,"column":22}},{"start":{"line":31,"column":26},"end":{"line":31,"column":33}},{"start":{"line":31,"column":37},"end":{"line":31,"column":44}},{"start":{"line":31,"column":48},"end":{"line":31,"column":55}}]},"5":{"loc":{"start":{"line":35,"column":4},"end":{"line":37,"column":5}},"type":"if","locations":[{"start":{"line":35,"column":4},"end":{"line":37,"column":5}},{"start":{},"end":{}}]},"6":{"loc":{"start":{"line":49,"column":4},"end":{"line":49,"column":79}},"type":"if","locations":[{"start":{"line":49,"column":4},"end":{"line":49,"column":79}},{"start":{},"end":{}}]},"7":{"loc":{"start":{"line":53,"column":6},"end":{"line":53,"column":81}},"type":"if","locations":[{"start":{"line":53,"column":6},"end":{"line":53,"column":81}},{"start":{},"end":{}}]},"8":{"loc":{"start":{"line":64,"column":4},"end":{"line":64,"column":79}},"type":"if","locations":[{"start":{"line":64,"column":4},"end":{"line":64,"column":79}},{"start":{},"end":{}}]},"9":{"loc":{"start":{"line":68,"column":6},"end":{"line":68,"column":81}},"type":"if","locations":[{"start":{"line":68,"column":6},"end":{"line":68,"column":81}},{"start":{},"end":{}}]}},"s":{"0":1,"1":1,"2":1,"3":1,"4":0,"5":3,"6":3,"7":1,"8":2,"9":2,"10":2,"11":1,"12":1,"13":0,"14":3,"15":3,"16":1,"17":2,"18":1,"19":1,"20":1,"21":1,"22":0,"23":0,"24":0,"25":0,"26":0,"27":0,"28":0,"29":0,"30":0,"31":0,"32":0,"33":3,"34":3,"35":1,"36":2,"37":2,"38":2,"39":1,"40":1,"41":1,"42":0,"43":1},"f":{"0":1,"1":3,"2":3,"3":0,"4":3},"b":{"0":[0,0],"1":[1,2],"2":[1,1],"3":[1,2],"4":[3,3,3,2],"5":[1,1],"6":[0,0],"7":[0,0],"8":[1,2],"9":[1,1]}}
,"C:\\Users\\kiron\\Desktop\\Medical Appointment & Patient Management System\\api\\src\\payments\\payments.router.ts": {"path":"C:\\Users\\kiron\\Desktop\\Medical Appointment & Patient Management System\\api\\src\\payments\\payments.router.ts","statementMap":{"0":{"start":{"line":1,"column":0},"end":{"line":1,"column":52}},"1":{"start":{"line":2,"column":0},"end":{"line":2,"column":68}},"2":{"start":{"line":4,"column":15},"end":{"line":4,"column":23}},"3":{"start":{"line":6,"column":0},"end":{"line":8,"column":3}},"4":{"start":{"line":7,"column":2},"end":{"line":7,"column":43}},"5":{"start":{"line":10,"column":0},"end":{"line":12,"column":3}},"6":{"start":{"line":11,"column":2},"end":{"line":11,"column":44}},"7":{"start":{"line":14,"column":0},"end":{"line":16,"column":3}},"8":{"start":{"line":15,"column":2},"end":{"line":15,"column":43}},"9":{"start":{"line":18,"column":0},"end":{"line":20,"column":3}},"10":{"start":{"line":19,"column":2},"end":{"line":19,"column":43}},"11":{"start":{"line":22,"column":0},"end":{"line":24,"column":3}},"12":{"start":{"line":23,"column":2},"end":{"line":23,"column":43}},"13":{"start":{"line":26,"column":0},"end":{"line":26,"column":22}}},"fnMap":{"0":{"name":"(anonymous_0)","decl":{"start":{"line":6,"column":16},"end":{"line":6,"column":21}},"loc":{"start":{"line":6,"column":54},"end":{"line":8,"column":1}}},"1":{"name":"(anonymous_1)","decl":{"start":{"line":10,"column":19},"end":{"line":10,"column":24}},"loc":{"start":{"line":10,"column":57},"end":{"line":12,"column":1}}},"2":{"name":"(anonymous_2)","decl":{"start":{"line":14,"column":17},"end":{"line":14,"column":22}},"loc":{"start":{"line":14,"column":55},"end":{"line":16,"column":1}}},"3":{"name":"(anonymous_3)","decl":{"start":{"line":18,"column":19},"end":{"line":18,"column":24}},"loc":{"start":{"line":18,"column":57},"end":{"line":20,"column":1}}},"4":{"name":"(anonymous_4)","decl":{"start":{"line":22,"column":22},"end":{"line":22,"column":27}},"loc":{"start":{"line":22,"column":60},"end":{"line":24,"column":1}}}},"branchMap":{},"s":{"0":1,"1":1,"2":1,"3":1,"4":1,"5":1,"6":3,"7":1,"8":3,"9":1,"10":0,"11":1,"12":3,"13":1},"f":{"0":1,"1":3,"2":3,"3":0,"4":3},"b":{}}
,"C:\\Users\\kiron\\Desktop\\Medical Appointment & Patient Management System\\api\\src\\payments\\payments.service.ts": {"path":"C:\\Users\\kiron\\Desktop\\Medical Appointment & Patient Management System\\api\\src\\payments\\payments.service.ts","statementMap":{"0":{"start":{"line":2,"column":0},"end":{"line":2,"column":45}},"1":{"start":{"line":3,"column":0},"end":{"line":3,"column":33}},"2":{"start":{"line":7,"column":4},"end":{"line":7,"column":38}},"3":{"start":{"line":11,"column":4},"end":{"line":13,"column":7}},"4":{"start":{"line":17,"column":4},"end":{"line":17,"column":56}},"5":{"start":{"line":21,"column":4},"end":{"line":21,"column":87}},"6":{"start":{"line":25,"column":4},"end":{"line":25,"column":65}},"7":{"start":{"line":5,"column":0},"end":{"line":5,"column":13}}},"fnMap":{"0":{"name":"(anonymous_0)","decl":{"start":{"line":6,"column":2},"end":{"line":6,"column":8}},"loc":{"start":{"line":6,"column":15},"end":{"line":8,"column":3}}},"1":{"name":"(anonymous_1)","decl":{"start":{"line":10,"column":2},"end":{"line":10,"column":8}},"loc":{"start":{"line":10,"column":27},"end":{"line":14,"column":3}}},"2":{"name":"(anonymous_2)","decl":{"start":{"line":16,"column":2},"end":{"line":16,"column":8}},"loc":{"start":{"line":16,"column":50},"end":{"line":18,"column":3}}},"3":{"name":"(anonymous_3)","decl":{"start":{"line":20,"column":2},"end":{"line":20,"column":8}},"loc":{"start":{"line":20,"column":71},"end":{"line":22,"column":3}}},"4":{"name":"(anonymous_4)","decl":{"start":{"line":24,"column":2},"end":{"line":24,"column":8}},"loc":{"start":{"line":24,"column":26},"end":{"line":26,"column":3}}}},"branchMap":{},"s":{"0":1,"1":1,"2":1,"3":4,"4":1,"5":0,"6":1,"7":1},"f":{"0":1,"1":4,"2":1,"3":0,"4":1},"b":{}}
,"C:\\Users\\kiron\\Desktop\\Medical Appointment & Patient Management System\\api\\src\\prescription\\prescription.controller.ts": {"path":"C:\\Users\\kiron\\Desktop\\Medical Appointment & Patient Management System\\api\\src\\prescription\\prescription.controller.ts","statementMap":{"0":{"start":{"line":2,"column":0},"end":{"line":2,"column":75}},"1":{"start":{"line":6,"column":19},"end":{"line":6,"column":53}},"2":{"start":{"line":7,"column":4},"end":{"line":7,"column":21}},"3":{"start":{"line":11,"column":15},"end":{"line":11,"column":38}},"4":{"start":{"line":12,"column":4},"end":{"line":14,"column":5}},"5":{"start":{"line":13,"column":6},"end":{"line":13,"column":59}},"6":{"start":{"line":16,"column":19},"end":{"line":16,"column":56}},"7":{"start":{"line":17,"column":4},"end":{"line":17,"column":82}},"8":{"start":{"line":17,"column":17},"end":{"line":17,"column":82}},"9":{"start":{"line":19,"column":4},"end":{"line":19,"column":21}},"10":{"start":{"line":31,"column":8},"end":{"line":31,"column":16}},"11":{"start":{"line":33,"column":4},"end":{"line":38,"column":5}},"12":{"start":{"line":37,"column":6},"end":{"line":37,"column":72}},"13":{"start":{"line":40,"column":4},"end":{"line":42,"column":5}},"14":{"start":{"line":41,"column":6},"end":{"line":41,"column":82}},"15":{"start":{"line":44,"column":27},"end":{"line":44,"column":69}},"16":{"start":{"line":45,"column":4},"end":{"line":45,"column":39}},"17":{"start":{"line":49,"column":15},"end":{"line":49,"column":38}},"18":{"start":{"line":50,"column":4},"end":{"line":52,"column":5}},"19":{"start":{"line":51,"column":6},"end":{"line":51,"column":72}},"20":{"start":{"line":54,"column":17},"end":{"line":54,"column":25}},"21":{"start":{"line":55,"column":4},"end":{"line":57,"column":5}},"22":{"start":{"line":56,"column":6},"end":{"line":56,"column":82}},"23":{"start":{"line":59,"column":27},"end":{"line":59,"column":69}},"24":{"start":{"line":60,"column":4},"end":{"line":62,"column":5}},"25":{"start":{"line":61,"column":6},"end":{"line":61,"column":71}},"26":{"start":{"line":64,"column":4},"end":{"line":64,"column":27}},"27":{"start":{"line":68,"column":15},"end":{"line":68,"column":38}},"28":{"start":{"line":69,"column":4},"end":{"line":71,"column":5}},"29":{"start":{"line":70,"column":6},"end":{"line":70,"column":72}},"30":{"start":{"line":73,"column":20},"end":{"line":73,"column":56}},"31":{"start":{"line":74,"column":4},"end":{"line":76,"column":5}},"32":{"start":{"line":75,"column":6},"end":{"line":75,"column":71}},"33":{"start":{"line":78,"column":4},"end":{"line":78,"column":27}},"34":{"start":{"line":4,"column":0},"end":{"line":4,"column":13}}},"fnMap":{"0":{"name":"(anonymous_0)","decl":{"start":{"line":5,"column":2},"end":{"line":5,"column":8}},"loc":{"start":{"line":5,"column":50},"end":{"line":8,"column":3}}},"1":{"name":"(anonymous_1)","decl":{"start":{"line":10,"column":2},"end":{"line":10,"column":8}},"loc":{"start":{"line":10,"column":50},"end":{"line":20,"column":3}}},"2":{"name":"(anonymous_2)","decl":{"start":{"line":22,"column":2},"end":{"line":22,"column":8}},"loc":{"start":{"line":22,"column":49},"end":{"line":46,"column":3}}},"3":{"name":"(anonymous_3)","decl":{"start":{"line":48,"column":2},"end":{"line":48,"column":8}},"loc":{"start":{"line":48,"column":49},"end":{"line":65,"column":3}}},"4":{"name":"(anonymous_4)","decl":{"start":{"line":67,"column":2},"end":{"line":67,"column":8}},"loc":{"start":{"line":67,"column":49},"end":{"line":79,"column":3}}}},"branchMap":{"0":{"loc":{"start":{"line":12,"column":4},"end":{"line":14,"column":5}},"type":"if","locations":[{"start":{"line":12,"column":4},"end":{"line":14,"column":5}},{"start":{},"end":{}}]},"1":{"loc":{"start":{"line":17,"column":4},"end":{"line":17,"column":82}},"type":"if","locations":[{"start":{"line":17,"column":4},"end":{"line":17,"column":82}},{"start":{},"end":{}}]},"2":{"loc":{"start":{"line":33,"column":4},"end":{"line":38,"column":5}},"type":"if","locations":[{"start":{"line":33,"column":4},"end":{"line":38,"column":5}},{"start":{},"end":{}}]},"3":{"loc":{"start":{"line":34,"column":6},"end":{"line":35,"column":46}},"type":"binary-expr","locations":[{"start":{"line":34,"column":6},"end":{"line":34,"column":20}},{"start":{"line":34,"column":24},"end":{"line":34,"column":33}},{"start":{"line":34,"column":37},"end":{"line":34,"column":47}},{"start":{"line":35,"column":6},"end":{"line":35,"column":18}},{"start":{"line":35,"column":22},"end":{"line":35,"column":29}},{"start":{"line":35,"column":33},"end":{"line":35,"column":46}}]},"4":{"loc":{"start":{"line":40,"column":4},"end":{"line":42,"column":5}},"type":"if","locations":[{"start":{"line":40,"column":4},"end":{"line":42,"column":5}},{"start":{},"end":{}}]},"5":{"loc":{"start":{"line":50,"column":4},"end":{"line":52,"column":5}},"type":"if","locations":[{"start":{"line":50,"column":4},"end":{"line":52,"column":5}},{"start":{},"end":{}}]},"6":{"loc":{"start":{"line":55,"column":4},"end":{"line":57,"column":5}},"type":"if","locations":[{"start":{"line":55,"column":4},"end":{"line":57,"column":5}},{"start":{},"end":{}}]},"7":{"loc":{"start":{"line":55,"column":8},"end":{"line":55,"column":64}},"type":"binary-expr","locations":[{"start":{"line":55,"column":8},"end":{"line":55,"column":24}},{"start":{"line":55,"column":28},"end":{"line":55,"column":64}}]},"8":{"loc":{"start":{"line":60,"column":4},"end":{"line":62,"column":5}},"type":"if","locations":[{"start":{"line":60,"column":4},"end":{"line":62,"column":5}},{"start":{},"end":{}}]},"9":{"loc":{"start":{"line":69,"column":4},"end":{"line":71,"column":5}},"type":"if","locations":[{"start":{"line":69,"column":4},"end":{"line":71,"column":5}},{"start":{},"end":{}}]},"10":{"loc":{"start":{"line":74,"column":4},"end":{"line":76,"column":5}},"type":"if","locations":[{"start":{"line":74,"column":4},"end":{"line":76,"column":5}},{"start":{},"end":{}}]}},"s":{"0":1,"1":1,"2":1,"3":2,"4":2,"5":0,"6":2,"7":2,"8":1,"9":1,"10":3,"11":3,"12":1,"13":2,"14":1,"15":1,"16":1,"17":3,"18":3,"19":0,"20":3,"21":3,"22":1,"23":2,"24":2,"25":1,"26":1,"27":1,"28":1,"29":0,"30":1,"31":1,"32":0,"33":1,"34":1},"f":{"0":1,"1":2,"2":3,"3":3,"4":1},"b":{"0":[0,2],"1":[1,1],"2":[1,2],"3":[3,2,2,2,2,2],"4":[1,1],"5":[0,3],"6":[1,2],"7":[3,3],"8":[1,1],"9":[0,1],"10":[0,1]}}
,"C:\\Users\\kiron\\Desktop\\Medical Appointment & Patient Management System\\api\\src\\prescription\\prescription.router.ts": {"path":"C:\\Users\\kiron\\Desktop\\Medical Appointment & Patient Management System\\api\\src\\prescription\\prescription.router.ts","statementMap":{"0":{"start":{"line":1,"column":0},"end":{"line":1,"column":52}},"1":{"start":{"line":2,"column":0},"end":{"line":2,"column":67}},"2":{"start":{"line":4,"column":15},"end":{"line":4,"column":23}},"3":{"start":{"line":6,"column":0},"end":{"line":8,"column":3}},"4":{"start":{"line":7,"column":2},"end":{"line":7,"column":48}},"5":{"start":{"line":10,"column":0},"end":{"line":12,"column":3}},"6":{"start":{"line":11,"column":2},"end":{"line":11,"column":49}},"7":{"start":{"line":14,"column":0},"end":{"line":16,"column":3}},"8":{"start":{"line":15,"column":2},"end":{"line":15,"column":48}},"9":{"start":{"line":18,"column":0},"end":{"line":20,"column":3}},"10":{"start":{"line":19,"column":2},"end":{"line":19,"column":48}},"11":{"start":{"line":22,"column":0},"end":{"line":24,"column":3}},"12":{"start":{"line":23,"column":2},"end":{"line":23,"column":48}},"13":{"start":{"line":26,"column":0},"end":{"line":26,"column":22}}},"fnMap":{"0":{"name":"(anonymous_0)","decl":{"start":{"line":6,"column":16},"end":{"line":6,"column":21}},"loc":{"start":{"line":6,"column":54},"end":{"line":8,"column":1}}},"1":{"name":"(anonymous_1)","decl":{"start":{"line":10,"column":19},"end":{"line":10,"column":24}},"loc":{"start":{"line":10,"column":57},"end":{"line":12,"column":1}}},"2":{"name":"(anonymous_2)","decl":{"start":{"line":14,"column":17},"end":{"line":14,"column":22}},"loc":{"start":{"line":14,"column":55},"end":{"line":16,"column":1}}},"3":{"name":"(anonymous_3)","decl":{"start":{"line":18,"column":19},"end":{"line":18,"column":24}},"loc":{"start":{"line":18,"column":57},"end":{"line":20,"column":1}}},"4":{"name":"(anonymous_4)","decl":{"start":{"line":22,"column":22},"end":{"line":22,"column":27}},"loc":{"start":{"line":22,"column":60},"end":{"line":24,"column":1}}}},"branchMap":{},"s":{"0":1,"1":1,"2":1,"3":1,"4":1,"5":1,"6":2,"7":1,"8":3,"9":1,"10":3,"11":1,"12":1,"13":1},"f":{"0":1,"1":2,"2":3,"3":3,"4":1},"b":{}}
,"C:\\Users\\kiron\\Desktop\\Medical Appointment & Patient Management System\\api\\src\\prescription\\prescription.service.ts": {"path":"C:\\Users\\kiron\\Desktop\\Medical Appointment & Patient Management System\\api\\src\\prescription\\prescription.service.ts","statementMap":{"0":{"start":{"line":1,"column":0},"end":{"line":1,"column":50}},"1":{"start":{"line":2,"column":0},"end":{"line":2,"column":33}},"2":{"start":{"line":6,"column":4},"end":{"line":6,"column":43}},"3":{"start":{"line":10,"column":4},"end":{"line":10,"column":93}},"4":{"start":{"line":14,"column":4},"end":{"line":14,"column":61}},"5":{"start":{"line":18,"column":4},"end":{"line":18,"column":102}},"6":{"start":{"line":22,"column":4},"end":{"line":22,"column":80}},"7":{"start":{"line":4,"column":0},"end":{"line":4,"column":13}}},"fnMap":{"0":{"name":"(anonymous_0)","decl":{"start":{"line":5,"column":2},"end":{"line":5,"column":8}},"loc":{"start":{"line":5,"column":15},"end":{"line":7,"column":3}}},"1":{"name":"(anonymous_1)","decl":{"start":{"line":9,"column":2},"end":{"line":9,"column":8}},"loc":{"start":{"line":9,"column":27},"end":{"line":11,"column":3}}},"2":{"name":"(anonymous_2)","decl":{"start":{"line":13,"column":2},"end":{"line":13,"column":8}},"loc":{"start":{"line":13,"column":55},"end":{"line":15,"column":3}}},"3":{"name":"(anonymous_3)","decl":{"start":{"line":17,"column":2},"end":{"line":17,"column":8}},"loc":{"start":{"line":17,"column":76},"end":{"line":19,"column":3}}},"4":{"name":"(anonymous_4)","decl":{"start":{"line":21,"column":2},"end":{"line":21,"column":8}},"loc":{"start":{"line":21,"column":26},"end":{"line":23,"column":3}}}},"branchMap":{},"s":{"0":1,"1":1,"2":1,"3":2,"4":1,"5":2,"6":1,"7":1},"f":{"0":1,"1":2,"2":1,"3":2,"4":1},"b":{}}
,"C:\\Users\\kiron\\Desktop\\Medical Appointment & Patient Management System\\api\\src\\user\\user.controller.ts": {"path":"C:\\Users\\kiron\\Desktop\\Medical Appointment & Patient Management System\\api\\src\\user\\user.controller.ts","statementMap":{"0":{"start":{"line":2,"column":0},"end":{"line":2,"column":45}},"1":{"start":{"line":4,"column":19},"end":{"line":4,"column":46}},"2":{"start":{"line":5,"column":28},"end":{"line":5,"column":109}},"3":{"start":{"line":9,"column":59},"end":{"line":9,"column":67}},"4":{"start":{"line":11,"column":4},"end":{"line":13,"column":5}},"5":{"start":{"line":12,"column":6},"end":{"line":12,"column":72}},"6":{"start":{"line":15,"column":23},"end":{"line":15,"column":51}},"7":{"start":{"line":16,"column":4},"end":{"line":18,"column":5}},"8":{"start":{"line":17,"column":6},"end":{"line":17,"column":69}},"9":{"start":{"line":20,"column":4},"end":{"line":22,"column":5}},"10":{"start":{"line":21,"column":6},"end":{"line":21,"column":61}},"11":{"start":{"line":24,"column":4},"end":{"line":29,"column":5}},"12":{"start":{"line":25,"column":19},"end":{"line":25,"column":53}},"13":{"start":{"line":26,"column":6},"end":{"line":26,"column":40}},"14":{"start":{"line":28,"column":6},"end":{"line":28,"column":60}},"15":{"start":{"line":33,"column":32},"end":{"line":33,"column":40}},"16":{"start":{"line":35,"column":4},"end":{"line":43,"column":5}},"17":{"start":{"line":36,"column":21},"end":{"line":36,"column":61}},"18":{"start":{"line":37,"column":6},"end":{"line":39,"column":7}},"19":{"start":{"line":38,"column":8},"end":{"line":38,"column":70}},"20":{"start":{"line":40,"column":6},"end":{"line":40,"column":42}},"21":{"start":{"line":42,"column":6},"end":{"line":42,"column":68}},"22":{"start":{"line":47,"column":4},"end":{"line":52,"column":5}},"23":{"start":{"line":48,"column":21},"end":{"line":48,"column":47}},"24":{"start":{"line":49,"column":6},"end":{"line":49,"column":35}},"25":{"start":{"line":51,"column":6},"end":{"line":51,"column":66}},"26":{"start":{"line":56,"column":15},"end":{"line":56,"column":38}},"27":{"start":{"line":57,"column":4},"end":{"line":59,"column":5}},"28":{"start":{"line":58,"column":6},"end":{"line":58,"column":66}},"29":{"start":{"line":61,"column":4},"end":{"line":69,"column":5}},"30":{"start":{"line":62,"column":19},"end":{"line":62,"column":48}},"31":{"start":{"line":63,"column":6},"end":{"line":65,"column":7}},"32":{"start":{"line":64,"column":8},"end":{"line":64,"column":65}},"33":{"start":{"line":66,"column":6},"end":{"line":66,"column":33}},"34":{"start":{"line":68,"column":6},"end":{"line":68,"column":84}},"35":{"start":{"line":73,"column":15},"end":{"line":73,"column":38}},"36":{"start":{"line":74,"column":4},"end":{"line":76,"column":5}},"37":{"start":{"line":75,"column":6},"end":{"line":75,"column":66}},"38":{"start":{"line":78,"column":23},"end":{"line":78,"column":44}},"39":{"start":{"line":79,"column":26},"end":{"line":79,"column":84}},"40":{"start":{"line":79,"column":50},"end":{"line":79,"column":83}},"41":{"start":{"line":80,"column":4},"end":{"line":82,"column":5}},"42":{"start":{"line":81,"column":6},"end":{"line":81,"column":70}},"43":{"start":{"line":84,"column":4},"end":{"line":86,"column":5}},"44":{"start":{"line":85,"column":6},"end":{"line":85,"column":69}},"45":{"start":{"line":88,"column":4},"end":{"line":90,"column":5}},"46":{"start":{"line":89,"column":6},"end":{"line":89,"column":61}},"47":{"start":{"line":92,"column":4},"end":{"line":100,"column":5}},"48":{"start":{"line":93,"column":26},"end":{"line":93,"column":64}},"49":{"start":{"line":94,"column":6},"end":{"line":96,"column":7}},"50":{"start":{"line":95,"column":8},"end":{"line":95,"column":65}},"51":{"start":{"line":97,"column":6},"end":{"line":97,"column":40}},"52":{"start":{"line":99,"column":6},"end":{"line":99,"column":87}},"53":{"start":{"line":104,"column":15},"end":{"line":104,"column":38}},"54":{"start":{"line":105,"column":4},"end":{"line":107,"column":5}},"55":{"start":{"line":106,"column":6},"end":{"line":106,"column":66}},"56":{"start":{"line":109,"column":4},"end":{"line":119,"column":5}},"57":{"start":{"line":110,"column":19},"end":{"line":110,"column":48}},"58":{"start":{"line":111,"column":6},"end":{"line":113,"column":7}},"59":{"start":{"line":112,"column":8},"end":{"line":112,"column":65}},"60":{"start":{"line":115,"column":6},"end":{"line":115,"column":35}},"61":{"start":{"line":116,"column":6},"end":{"line":116,"column":29}},"62":{"start":{"line":118,"column":6},"end":{"line":118,"column":87}},"63":{"start":{"line":7,"column":0},"end":{"line":7,"column":13}}},"fnMap":{"0":{"name":"(anonymous_0)","decl":{"start":{"line":8,"column":2},"end":{"line":8,"column":8}},"loc":{"start":{"line":8,"column":51},"end":{"line":30,"column":3}}},"1":{"name":"(anonymous_1)","decl":{"start":{"line":32,"column":2},"end":{"line":32,"column":8}},"loc":{"start":{"line":32,"column":48},"end":{"line":44,"column":3}}},"2":{"name":"(anonymous_2)","decl":{"start":{"line":46,"column":2},"end":{"line":46,"column":8}},"loc":{"start":{"line":46,"column":50},"end":{"line":53,"column":3}}},"3":{"name":"(anonymous_3)","decl":{"start":{"line":55,"column":2},"end":{"line":55,"column":8}},"loc":{"start":{"line":55,"column":50},"end":{"line":70,"column":3}}},"4":{"name":"(anonymous_4)","decl":{"start":{"line":72,"column":2},"end":{"line":72,"column":8}},"loc":{"start":{"line":72,"column":49},"end":{"line":101,"column":3}}},"5":{"name":"(anonymous_5)","decl":{"start":{"line":79,"column":43},"end":{"line":79,"column":46}},"loc":{"start":{"line":79,"column":50},"end":{"line":79,"column":83}}},"6":{"name":"(anonymous_6)","decl":{"start":{"line":103,"column":2},"end":{"line":103,"column":8}},"loc":{"start":{"line":103,"column":49},"end":{"line":120,"column":3}}}},"branchMap":{"0":{"loc":{"start":{"line":11,"column":4},"end":{"line":13,"column":5}},"type":"if","locations":[{"start":{"line":11,"column":4},"end":{"line":13,"column":5}},{"start":{},"end":{}}]},"1":{"loc":{"start":{"line":11,"column":8},"end":{"line":11,"column":63}},"type":"binary-expr","locations":[{"start":{"line":11,"column":8},"end":{"line":11,"column":18}},{"start":{"line":11,"column":22},"end":{"line":11,"column":31}},{"start":{"line":11,"column":35},"end":{"line":11,"column":41}},{"start":{"line":11,"column":45},"end":{"line":11,"column":54}},{"start":{"line":11,"column":58},"end":{"line":11,"column":63}}]},"2":{"loc":{"start":{"line":16,"column":4},"end":{"line":18,"column":5}},"type":"if","locations":[{"start":{"line":16,"column":4},"end":{"line":18,"column":5}},{"start":{},"end":{}}]},"3":{"loc":{"start":{"line":20,"column":4},"end":{"line":22,"column":5}},"type":"if","locations":[{"start":{"line":20,"column":4},"end":{"line":22,"column":5}},{"start":{},"end":{}}]},"4":{"loc":{"start":{"line":37,"column":6},"end":{"line":39,"column":7}},"type":"if","locations":[{"start":{"line":37,"column":6},"end":{"line":39,"column":7}},{"start":{},"end":{}}]},"5":{"loc":{"start":{"line":57,"column":4},"end":{"line":59,"column":5}},"type":"if","locations":[{"start":{"line":57,"column":4},"end":{"line":59,"column":5}},{"start":{},"end":{}}]},"6":{"loc":{"start":{"line":63,"column":6},"end":{"line":65,"column":7}},"type":"if","locations":[{"start":{"line":63,"column":6},"end":{"line":65,"column":7}},{"start":{},"end":{}}]},"7":{"loc":{"start":{"line":74,"column":4},"end":{"line":76,"column":5}},"type":"if","locations":[{"start":{"line":74,"column":4},"end":{"line":76,"column":5}},{"start":{},"end":{}}]},"8":{"loc":{"start":{"line":80,"column":4},"end":{"line":82,"column":5}},"type":"if","locations":[{"start":{"line":80,"column":4},"end":{"line":82,"column":5}},{"start":{},"end":{}}]},"9":{"loc":{"start":{"line":84,"column":4},"end":{"line":86,"column":5}},"type":"if","locations":[{"start":{"line":84,"column":4},"end":{"line":86,"column":5}},{"start":{},"end":{}}]},"10":{"loc":{"start":{"line":84,"column":8},"end":{"line":84,"column":76}},"type":"binary-expr","locations":[{"start":{"line":84,"column":8},"end":{"line":84,"column":22}},{"start":{"line":84,"column":26},"end":{"line":84,"column":76}}]},"11":{"loc":{"start":{"line":88,"column":4},"end":{"line":90,"column":5}},"type":"if","locations":[{"start":{"line":88,"column":4},"end":{"line":90,"column":5}},{"start":{},"end":{}}]},"12":{"loc":{"start":{"line":88,"column":8},"end":{"line":88,"column":60}},"type":"binary-expr","locations":[{"start":{"line":88,"column":8},"end":{"line":88,"column":21}},{"start":{"line":88,"column":25},"end":{"line":88,"column":60}}]},"13":{"loc":{"start":{"line":94,"column":6},"end":{"line":96,"column":7}},"type":"if","locations":[{"start":{"line":94,"column":6},"end":{"line":96,"column":7}},{"start":{},"end":{}}]},"14":{"loc":{"start":{"line":105,"column":4},"end":{"line":107,"column":5}},"type":"if","locations":[{"start":{"line":105,"column":4},"end":{"line":107,"column":5}},{"start":{},"end":{}}]},"15":{"loc":{"start":{"line":111,"column":6},"end":{"line":113,"column":7}},"type":"if","locations":[{"start":{"line":111,"column":6},"end":{"line":113,"column":7}},{"start":{},"end":{}}]}},"s":{"0":1,"1":1,"2":1,"3":9,"4":9,"5":1,"6":8,"7":8,"8":1,"9":7,"10":0,"11":7,"12":7,"13":7,"14":0,"15":3,"16":3,"17":3,"18":3,"19":2,"20":1,"21":0,"22":1,"23":1,"24":1,"25":0,"26":3,"27":3,"28":1,"29":2,"30":2,"31":2,"32":1,"33":1,"34":0,"35":2,"36":2,"37":0,"38":2,"39":2,"40":2,"41":2,"42":0,"43":2,"44":0,"45":2,"46":0,"47":2,"48":2,"49":2,"50":1,"51":1,"52":0,"53":3,"54":3,"55":1,"56":2,"57":2,"58":2,"59":1,"60":1,"61":1,"62":0,"63":1},"f":{"0":9,"1":3,"2":1,"3":3,"4":2,"5":2,"6":3},"b":{"0":[1,8],"1":[9,8,8,8,8],"2":[1,7],"3":[0,7],"4":[2,1],"5":[1,2],"6":[1,1],"7":[0,2],"8":[0,2],"9":[0,2],"10":[2,0],"11":[0,2],"12":[2,0],"13":[1,1],"14":[1,2],"15":[1,1]}}
,"C:\\Users\\kiron\\Desktop\\Medical Appointment & Patient Management System\\api\\src\\user\\user.router.ts": {"path":"C:\\Users\\kiron\\Desktop\\Medical Appointment & Patient Management System\\api\\src\\user\\user.router.ts","statementMap":{"0":{"start":{"line":1,"column":0},"end":{"line":1,"column":52}},"1":{"start":{"line":2,"column":0},"end":{"line":2,"column":57}},"2":{"start":{"line":4,"column":15},"end":{"line":4,"column":23}},"3":{"start":{"line":6,"column":0},"end":{"line":8,"column":3}},"4":{"start":{"line":7,"column":2},"end":{"line":7,"column":42}},"5":{"start":{"line":10,"column":0},"end":{"line":12,"column":3}},"6":{"start":{"line":11,"column":2},"end":{"line":11,"column":39}},"7":{"start":{"line":14,"column":0},"end":{"line":16,"column":3}},"8":{"start":{"line":15,"column":2},"end":{"line":15,"column":40}},"9":{"start":{"line":18,"column":0},"end":{"line":20,"column":3}},"10":{"start":{"line":19,"column":2},"end":{"line":19,"column":41}},"11":{"start":{"line":22,"column":0},"end":{"line":24,"column":3}},"12":{"start":{"line":23,"column":2},"end":{"line":23,"column":40}},"13":{"start":{"line":26,"column":0},"end":{"line":28,"column":3}},"14":{"start":{"line":27,"column":2},"end":{"line":27,"column":40}},"15":{"start":{"line":30,"column":0},"end":{"line":30,"column":22}}},"fnMap":{"0":{"name":"(anonymous_0)","decl":{"start":{"line":6,"column":25},"end":{"line":6,"column":30}},"loc":{"start":{"line":6,"column":63},"end":{"line":8,"column":1}}},"1":{"name":"(anonymous_1)","decl":{"start":{"line":10,"column":22},"end":{"line":10,"column":27}},"loc":{"start":{"line":10,"column":60},"end":{"line":12,"column":1}}},"2":{"name":"(anonymous_2)","decl":{"start":{"line":14,"column":16},"end":{"line":14,"column":21}},"loc":{"start":{"line":14,"column":54},"end":{"line":16,"column":1}}},"3":{"name":"(anonymous_3)","decl":{"start":{"line":18,"column":19},"end":{"line":18,"column":24}},"loc":{"start":{"line":18,"column":57},"end":{"line":20,"column":1}}},"4":{"name":"(anonymous_4)","decl":{"start":{"line":22,"column":19},"end":{"line":22,"column":24}},"loc":{"start":{"line":22,"column":57},"end":{"line":24,"column":1}}},"5":{"name":"(anonymous_5)","decl":{"start":{"line":26,"column":22},"end":{"line":26,"column":27}},"loc":{"start":{"line":26,"column":60},"end":{"line":28,"column":1}}}},"branchMap":{},"s":{"0":1,"1":1,"2":1,"3":1,"4":9,"5":1,"6":3,"7":1,"8":1,"9":1,"10":3,"11":1,"12":2,"13":1,"14":3,"15":1},"f":{"0":9,"1":3,"2":1,"3":3,"4":2,"5":3},"b":{}}
,"C:\\Users\\kiron\\Desktop\\Medical Appointment & Patient Management System\\api\\src\\user\\user.service.ts": {"path":"C:\\Users\\kiron\\Desktop\\Medical Appointment & Patient Management System\\api\\src\\user\\user.service.ts","statementMap":{"0":{"start":{"line":1,"column":0},"end":{"line":1,"column":42}},"1":{"start":{"line":2,"column":0},"end":{"line":2,"column":33}},"2":{"start":{"line":3,"column":0},"end":{"line":3,"column":30}},"3":{"start":{"line":4,"column":0},"end":{"line":4,"column":31}},"4":{"start":{"line":8,"column":4},"end":{"line":8,"column":35}},"5":{"start":{"line":12,"column":4},"end":{"line":12,"column":69}},"6":{"start":{"line":16,"column":4},"end":{"line":16,"column":71}},"7":{"start":{"line":20,"column":27},"end":{"line":20,"column":63}},"8":{"start":{"line":21,"column":19},"end":{"line":23,"column":18}},"9":{"start":{"line":24,"column":4},"end":{"line":24,"column":16}},"10":{"start":{"line":28,"column":17},"end":{"line":30,"column":6}},"11":{"start":{"line":32,"column":4},"end":{"line":32,"column":27}},"12":{"start":{"line":32,"column":15},"end":{"line":32,"column":27}},"13":{"start":{"line":34,"column":28},"end":{"line":34,"column":73}},"14":{"start":{"line":35,"column":4},"end":{"line":35,"column":38}},"15":{"start":{"line":35,"column":26},"end":{"line":35,"column":38}},"16":{"start":{"line":37,"column":18},"end":{"line":40,"column":null}},"17":{"start":{"line":43,"column":4},"end":{"line":43,"column":21}},"18":{"start":{"line":47,"column":19},"end":{"line":50,"column":18}},"19":{"start":{"line":51,"column":4},"end":{"line":51,"column":16}},"20":{"start":{"line":55,"column":4},"end":{"line":55,"column":56}},"21":{"start":{"line":6,"column":0},"end":{"line":6,"column":13}}},"fnMap":{"0":{"name":"(anonymous_1)","decl":{"start":{"line":7,"column":2},"end":{"line":7,"column":8}},"loc":{"start":{"line":7,"column":21},"end":{"line":9,"column":3}}},"1":{"name":"(anonymous_2)","decl":{"start":{"line":11,"column":2},"end":{"line":11,"column":8}},"loc":{"start":{"line":11,"column":33},"end":{"line":13,"column":3}}},"2":{"name":"(anonymous_3)","decl":{"start":{"line":15,"column":2},"end":{"line":15,"column":8}},"loc":{"start":{"line":15,"column":39},"end":{"line":17,"column":3}}},"3":{"name":"(anonymous_4)","decl":{"start":{"line":19,"column":2},"end":{"line":19,"column":8}},"loc":{"start":{"line":19,"column":53},"end":{"line":25,"column":3}}},"4":{"name":"(anonymous_5)","decl":{"start":{"line":27,"column":2},"end":{"line":27,"column":8}},"loc":{"start":{"line":27,"column":52},"end":{"line":44,"column":3}}},"5":{"name":"(anonymous_6)","decl":{"start":{"line":46,"column":2},"end":{"line":46,"column":8}},"loc":{"start":{"line":46,"column":74},"end":{"line":52,"column":3}}},"6":{"name":"(anonymous_7)","decl":{"start":{"line":54,"column":2},"end":{"line":54,"column":8}},"loc":{"start":{"line":54,"column":32},"end":{"line":56,"column":3}}}},"branchMap":{"0":{"loc":{"start":{"line":32,"column":4},"end":{"line":32,"column":27}},"type":"if","locations":[{"start":{"line":32,"column":4},"end":{"line":32,"column":27}},{"start":{},"end":{}}]},"1":{"loc":{"start":{"line":35,"column":4},"end":{"line":35,"column":38}},"type":"if","locations":[{"start":{"line":35,"column":4},"end":{"line":35,"column":38}},{"start":{},"end":{}}]},"2":{"loc":{"start":{"line":39,"column":6},"end":{"line":39,"column":49}},"type":"binary-expr","locations":[{"start":{"line":39,"column":6},"end":{"line":39,"column":28}},{"start":{"line":39,"column":32},"end":{"line":39,"column":49}}]}},"s":{"0":1,"1":1,"2":1,"3":1,"4":1,"5":4,"6":0,"7":7,"8":7,"9":7,"10":3,"11":3,"12":1,"13":2,"14":2,"15":1,"16":1,"17":1,"18":2,"19":2,"20":1,"21":1},"f":{"0":1,"1":4,"2":0,"3":7,"4":3,"5":2,"6":1},"b":{"0":[1,2],"1":[1,1],"2":[1,0]}}
}
