TN:
SF:src\Drizzle\db.ts
FN:12,(anonymous_9)
FN:17,(anonymous_10)
FN:18,(anonymous_11)
FN:34,(anonymous_12)
FN:43,(anonymous_13)
FNF:5
FNH:2
FNDA:7,(anonymous_9)
FNDA:7,(anonymous_10)
FNDA:0,(anonymous_11)
FNDA:0,(anonymous_12)
FNDA:0,(anonymous_13)
DA:1,7
DA:2,7
DA:3,7
DA:4,7
DA:7,7
DA:12,7
DA:13,7
DA:16,7
DA:17,7
DA:18,0
DA:21,7
DA:25,7
DA:34,7
DA:35,0
DA:36,0
DA:37,0
DA:39,0
DA:43,7
DA:44,0
DA:48,7
LF:20
LH:14
BRF:0
BRH:0
end_of_record
TN:
SF:src\Drizzle\schema.ts
FN:29,(anonymous_0)
FN:45,(anonymous_1)
FN:46,(anonymous_2)
FN:60,(anonymous_3)
FN:61,(anonymous_4)
FN:62,(anonymous_5)
FN:74,(anonymous_6)
FN:88,(anonymous_7)
FN:89,(anonymous_8)
FN:96,(anonymous_9)
FN:104,(anonymous_10)
FN:114,(anonymous_11)
FN:123,(anonymous_12)
FN:137,(anonymous_13)
FN:152,(anonymous_14)
FN:160,(anonymous_15)
FNF:16
FNH:6
FNDA:0,(anonymous_0)
FNDA:0,(anonymous_1)
FNDA:0,(anonymous_2)
FNDA:0,(anonymous_3)
FNDA:0,(anonymous_4)
FNDA:0,(anonymous_5)
FNDA:0,(anonymous_6)
FNDA:0,(anonymous_7)
FNDA:0,(anonymous_8)
FNDA:0,(anonymous_9)
FNDA:7,(anonymous_10)
FNDA:7,(anonymous_11)
FNDA:7,(anonymous_12)
FNDA:7,(anonymous_13)
FNDA:7,(anonymous_14)
FNDA:7,(anonymous_15)
DA:1,7
DA:2,7
DA:5,7
DA:6,7
DA:7,7
DA:8,7
DA:9,7
DA:12,7
DA:27,7
DA:29,0
DA:43,7
DA:45,0
DA:46,0
DA:58,7
DA:60,0
DA:61,0
DA:62,0
DA:72,7
DA:74,0
DA:86,7
DA:88,0
DA:89,0
DA:96,0
DA:104,7
DA:114,7
DA:123,7
DA:137,7
DA:152,7
DA:160,7
LF:29
LH:19
BRF:0
BRH:0
end_of_record
TN:
SF:src\appointment\appointment.controller.ts
FN:5,(anonymous_0)
FN:15,(anonymous_1)
FN:27,(anonymous_2)
FN:43,(anonymous_3)
FN:59,(anonymous_4)
FNF:5
FNH:5
FNDA:1,(anonymous_0)
FNDA:2,(anonymous_1)
FNDA:2,(anonymous_2)
FNDA:2,(anonymous_3)
FNDA:2,(anonymous_4)
DA:2,1
DA:4,1
DA:6,1
DA:7,1
DA:8,1
DA:10,0
DA:11,0
DA:16,2
DA:17,2
DA:18,2
DA:19,2
DA:20,1
DA:22,0
DA:23,0
DA:28,2
DA:29,2
DA:31,2
DA:32,1
DA:35,1
DA:36,1
DA:38,0
DA:39,0
DA:44,2
DA:45,2
DA:46,2
DA:48,2
DA:49,1
DA:52,1
DA:54,0
DA:55,0
DA:60,2
DA:61,2
DA:62,2
DA:64,2
DA:65,1
DA:68,1
DA:70,0
DA:71,0
LF:38
LH:28
BRDA:19,0,0,1
BRDA:19,0,1,1
BRDA:31,1,0,1
BRDA:31,1,1,1
BRDA:31,2,0,2
BRDA:31,2,1,1
BRDA:31,2,2,1
BRDA:31,2,3,1
BRDA:48,3,0,1
BRDA:48,3,1,1
BRDA:64,4,0,1
BRDA:64,4,1,1
BRDA:64,5,0,2
BRDA:64,5,1,1
BRDA:64,5,2,0
BRF:15
BRH:14
end_of_record
TN:
SF:src\appointment\appointment.router.ts
FN:6,(anonymous_0)
FN:10,(anonymous_1)
FN:14,(anonymous_2)
FN:18,(anonymous_3)
FN:22,(anonymous_4)
FNF:5
FNH:5
FNDA:1,(anonymous_0)
FNDA:2,(anonymous_1)
FNDA:2,(anonymous_2)
FNDA:2,(anonymous_3)
FNDA:2,(anonymous_4)
DA:1,1
DA:2,1
DA:4,1
DA:6,1
DA:7,1
DA:10,1
DA:11,2
DA:14,1
DA:15,2
DA:18,1
DA:19,2
DA:22,1
DA:23,2
DA:26,1
LF:14
LH:14
BRF:0
BRH:0
end_of_record
TN:
SF:src\appointment\appointment.service.ts
FN:5,(anonymous_0)
FN:9,(anonymous_1)
FN:13,(anonymous_2)
FN:17,(anonymous_3)
FN:21,(anonymous_4)
FNF:5
FNH:5
FNDA:1,(anonymous_0)
FNDA:2,(anonymous_1)
FNDA:1,(anonymous_2)
FNDA:2,(anonymous_3)
FNDA:2,(anonymous_4)
DA:1,1
DA:2,1
DA:4,1
DA:6,1
DA:10,2
DA:14,1
DA:18,2
DA:22,2
LF:8
LH:8
BRF:0
BRH:0
end_of_record
TN:
SF:src\auth\auth.controller.ts
FN:6,(anonymous_0)
FN:17,(anonymous_1)
FNF:2
FNH:2
FNDA:5,(anonymous_0)
FNDA:5,(anonymous_1)
DA:3,1
DA:5,1
DA:7,5
DA:8,5
DA:9,2
DA:11,3
DA:12,3
DA:13,3
DA:18,5
DA:19,5
DA:20,5
DA:21,1
DA:23,4
DA:24,4
DA:25,4
LF:15
LH:15
BRDA:11,0,0,3
BRDA:11,0,1,0
BRDA:12,1,0,3
BRDA:12,1,1,0
BRDA:23,2,0,4
BRDA:23,2,1,0
BRDA:24,3,0,4
BRDA:24,3,1,0
BRF:8
BRH:4
end_of_record
TN:
SF:src\auth\auth.router.ts
FNF:0
FNH:0
DA:2,1
DA:3,1
DA:5,1
DA:7,1
DA:8,1
DA:10,1
LF:6
LH:6
BRF:0
BRH:0
end_of_record
TN:
SF:src\auth\auth.service.ts
FN:8,(anonymous_1)
FN:46,(anonymous_2)
FNF:2
FNH:2
FNDA:5,(anonymous_1)
FNDA:5,(anonymous_2)
DA:2,1
DA:3,1
DA:4,1
DA:5,1
DA:7,1
DA:14,5
DA:17,5
DA:18,1
DA:21,4
DA:22,4
DA:23,1
DA:26,3
DA:30,3
DA:31,1
DA:34,2
DA:36,2
DA:43,2
DA:47,5
DA:48,1
DA:51,4
DA:52,4
DA:53,1
DA:56,3
DA:60,3
DA:61,1
DA:64,2
DA:65,2
DA:66,1
DA:69,1
DA:75,1
LF:30
LH:30
BRDA:17,0,0,1
BRDA:17,0,1,4
BRDA:17,1,0,5
BRDA:17,1,1,4
BRDA:17,1,2,4
BRDA:17,1,3,4
BRDA:22,2,0,1
BRDA:22,2,1,3
BRDA:30,3,0,1
BRDA:30,3,1,2
BRDA:47,4,0,1
BRDA:47,4,1,4
BRDA:47,5,0,5
BRDA:47,5,1,5
BRDA:52,6,0,1
BRDA:52,6,1,3
BRDA:60,7,0,1
BRDA:60,7,1,2
BRDA:65,8,0,1
BRDA:65,8,1,1
BRF:20
BRH:20
end_of_record
TN:
SF:src\complaints\complaints.controller.ts
FN:5,(anonymous_0)
FN:10,(anonymous_1)
FN:20,(anonymous_2)
FN:39,(anonymous_3)
FN:50,(anonymous_4)
FNF:5
FNH:5
FNDA:1,(anonymous_0)
FNDA:3,(anonymous_1)
FNDA:3,(anonymous_2)
FNDA:3,(anonymous_3)
FNDA:3,(anonymous_4)
DA:2,1
DA:4,1
DA:6,1
DA:7,1
DA:11,3
DA:12,3
DA:14,2
DA:15,2
DA:17,1
DA:21,3
DA:23,3
DA:24,1
DA:27,2
DA:28,1
DA:31,1
DA:32,1
DA:33,1
DA:35,0
DA:40,3
DA:41,3
DA:43,2
DA:44,2
DA:46,1
DA:47,1
DA:51,3
DA:52,3
DA:54,2
DA:55,2
DA:57,1
DA:58,1
LF:30
LH:29
BRDA:12,0,0,1
BRDA:12,0,1,2
BRDA:15,1,0,1
BRDA:15,1,1,1
BRDA:23,2,0,1
BRDA:23,2,1,2
BRDA:23,3,0,3
BRDA:23,3,1,2
BRDA:23,3,2,2
BRDA:27,4,0,1
BRDA:27,4,1,1
BRDA:41,5,0,1
BRDA:41,5,1,2
BRDA:44,6,0,1
BRDA:44,6,1,1
BRDA:52,7,0,1
BRDA:52,7,1,2
BRDA:55,8,0,1
BRDA:55,8,1,1
BRF:19
BRH:19
end_of_record
TN:
SF:src\complaints\complaints.router.ts
FN:6,(anonymous_0)
FN:10,(anonymous_1)
FN:14,(anonymous_2)
FN:18,(anonymous_3)
FN:22,(anonymous_4)
FNF:5
FNH:5
FNDA:1,(anonymous_0)
FNDA:3,(anonymous_1)
FNDA:3,(anonymous_2)
FNDA:3,(anonymous_3)
FNDA:3,(anonymous_4)
DA:1,1
DA:2,1
DA:4,1
DA:6,1
DA:7,1
DA:10,1
DA:11,3
DA:14,1
DA:15,3
DA:18,1
DA:19,3
DA:22,1
DA:23,3
DA:26,1
LF:14
LH:14
BRF:0
BRH:0
end_of_record
TN:
SF:src\complaints\complaints.service.ts
FN:5,(anonymous_0)
FN:9,(anonymous_1)
FN:13,(anonymous_2)
FN:17,(anonymous_3)
FN:21,(anonymous_4)
FNF:5
FNH:5
FNDA:1,(anonymous_0)
FNDA:6,(anonymous_1)
FNDA:1,(anonymous_2)
FNDA:1,(anonymous_3)
FNDA:1,(anonymous_4)
DA:1,1
DA:2,1
DA:4,1
DA:6,1
DA:10,6
DA:14,1
DA:18,1
DA:22,1
LF:8
LH:8
BRF:0
BRH:0
end_of_record
TN:
SF:src\doctor\doctor.controller.ts
FN:5,(anonymous_0)
FN:15,(anonymous_1)
FN:30,(anonymous_2)
FN:39,(anonymous_3)
FN:54,(anonymous_4)
FNF:5
FNH:5
FNDA:1,(anonymous_0)
FNDA:4,(anonymous_1)
FNDA:3,(anonymous_2)
FNDA:3,(anonymous_3)
FNDA:2,(anonymous_4)
DA:2,1
DA:4,1
DA:6,1
DA:7,1
DA:8,1
DA:10,0
DA:11,0
DA:16,4
DA:17,4
DA:18,1
DA:21,3
DA:22,3
DA:23,3
DA:24,1
DA:26,0
DA:31,3
DA:32,3
DA:33,1
DA:35,2
DA:40,3
DA:41,3
DA:42,1
DA:45,2
DA:46,2
DA:47,1
DA:48,1
DA:50,1
DA:55,2
DA:56,2
DA:57,1
DA:60,1
DA:61,1
DA:62,1
DA:63,0
DA:65,1
DA:67,0
LF:36
LH:31
BRDA:17,0,0,1
BRDA:17,0,1,3
BRDA:23,1,0,2
BRDA:23,1,1,1
BRDA:41,2,0,1
BRDA:41,2,1,2
BRDA:47,3,0,0
BRDA:47,3,1,1
BRDA:56,4,0,1
BRDA:56,4,1,1
BRDA:62,5,0,0
BRDA:62,5,1,1
BRF:12
BRH:10
end_of_record
TN:
SF:src\doctor\doctor.router.ts
FN:6,(anonymous_0)
FN:10,(anonymous_1)
FN:14,(anonymous_2)
FN:18,(anonymous_3)
FN:22,(anonymous_4)
FNF:5
FNH:5
FNDA:1,(anonymous_0)
FNDA:4,(anonymous_1)
FNDA:3,(anonymous_2)
FNDA:3,(anonymous_3)
FNDA:2,(anonymous_4)
DA:1,1
DA:2,1
DA:4,1
DA:6,1
DA:7,1
DA:10,1
DA:11,4
DA:14,1
DA:15,3
DA:18,1
DA:19,3
DA:22,1
DA:23,2
DA:26,1
LF:14
LH:14
BRF:0
BRH:0
end_of_record
TN:
SF:src\doctor\doctor.service.ts
FN:5,(anonymous_0)
FN:16,(anonymous_1)
FN:20,(anonymous_2)
FN:24,(anonymous_3)
FN:28,(anonymous_4)
FNF:5
FNH:5
FNDA:1,(anonymous_0)
FNDA:3,(anonymous_1)
FNDA:3,(anonymous_2)
FNDA:2,(anonymous_3)
FNDA:1,(anonymous_4)
DA:1,1
DA:2,1
DA:4,1
DA:6,1
DA:7,1
DA:8,1
DA:9,1
DA:11,0
DA:12,0
DA:17,3
DA:21,3
DA:25,2
DA:29,1
LF:13
LH:11
BRF:0
BRH:0
end_of_record
TN:
SF:src\payments\payments.controller.ts
FN:5,(anonymous_0)
FN:14,(anonymous_1)
FN:27,(anonymous_2)
FN:47,(anonymous_3)
FN:62,(anonymous_4)
FNF:5
FNH:4
FNDA:1,(anonymous_0)
FNDA:3,(anonymous_1)
FNDA:3,(anonymous_2)
FNDA:0,(anonymous_3)
FNDA:3,(anonymous_4)
DA:2,1
DA:4,1
DA:6,1
DA:7,1
DA:8,1
DA:10,0
DA:15,3
DA:16,3
DA:18,2
DA:19,2
DA:20,2
DA:21,1
DA:23,0
DA:28,3
DA:31,3
DA:32,1
DA:35,2
DA:36,1
DA:39,1
DA:40,1
DA:41,1
DA:43,0
DA:48,0
DA:49,0
DA:51,0
DA:52,0
DA:53,0
DA:55,0
DA:56,0
DA:58,0
DA:63,3
DA:64,3
DA:66,2
DA:67,2
DA:68,2
DA:70,1
DA:71,1
DA:73,0
LF:38
LH:26
BRDA:10,0,0,0
BRDA:10,0,1,0
BRDA:16,1,0,1
BRDA:16,1,1,2
BRDA:20,2,0,1
BRDA:20,2,1,1
BRDA:31,3,0,1
BRDA:31,3,1,2
BRDA:31,4,0,3
BRDA:31,4,1,3
BRDA:31,4,2,3
BRDA:31,4,3,2
BRDA:35,5,0,1
BRDA:35,5,1,1
BRDA:49,6,0,0
BRDA:49,6,1,0
BRDA:53,7,0,0
BRDA:53,7,1,0
BRDA:64,8,0,1
BRDA:64,8,1,2
BRDA:68,9,0,1
BRDA:68,9,1,1
BRF:22
BRH:16
end_of_record
TN:
SF:src\payments\payments.router.ts
FN:6,(anonymous_0)
FN:10,(anonymous_1)
FN:14,(anonymous_2)
FN:18,(anonymous_3)
FN:22,(anonymous_4)
FNF:5
FNH:4
FNDA:1,(anonymous_0)
FNDA:3,(anonymous_1)
FNDA:3,(anonymous_2)
FNDA:0,(anonymous_3)
FNDA:3,(anonymous_4)
DA:1,1
DA:2,1
DA:4,1
DA:6,1
DA:7,1
DA:10,1
DA:11,3
DA:14,1
DA:15,3
DA:18,1
DA:19,0
DA:22,1
DA:23,3
DA:26,1
LF:14
LH:13
BRF:0
BRH:0
end_of_record
TN:
SF:src\payments\payments.service.ts
FN:6,(anonymous_0)
FN:10,(anonymous_1)
FN:16,(anonymous_2)
FN:20,(anonymous_3)
FN:24,(anonymous_4)
FNF:5
FNH:4
FNDA:1,(anonymous_0)
FNDA:4,(anonymous_1)
FNDA:1,(anonymous_2)
FNDA:0,(anonymous_3)
FNDA:1,(anonymous_4)
DA:2,1
DA:3,1
DA:5,1
DA:7,1
DA:11,4
DA:17,1
DA:21,0
DA:25,1
LF:8
LH:7
BRF:0
BRH:0
end_of_record
TN:
SF:src\prescription\prescription.controller.ts
FN:5,(anonymous_0)
FN:10,(anonymous_1)
FN:22,(anonymous_2)
FN:48,(anonymous_3)
FN:67,(anonymous_4)
FNF:5
FNH:5
FNDA:1,(anonymous_0)
FNDA:2,(anonymous_1)
FNDA:3,(anonymous_2)
FNDA:3,(anonymous_3)
FNDA:1,(anonymous_4)
DA:2,1
DA:4,1
DA:6,1
DA:7,1
DA:11,2
DA:12,2
DA:13,0
DA:16,2
DA:17,2
DA:19,1
DA:31,3
DA:33,3
DA:37,1
DA:40,2
DA:41,1
DA:44,1
DA:45,1
DA:49,3
DA:50,3
DA:51,0
DA:54,3
DA:55,3
DA:56,1
DA:59,2
DA:60,2
DA:61,1
DA:64,1
DA:68,1
DA:69,1
DA:70,0
DA:73,1
DA:74,1
DA:75,0
DA:78,1
LF:34
LH:30
BRDA:12,0,0,0
BRDA:12,0,1,2
BRDA:17,1,0,1
BRDA:17,1,1,1
BRDA:33,2,0,1
BRDA:33,2,1,2
BRDA:34,3,0,3
BRDA:34,3,1,2
BRDA:34,3,2,2
BRDA:34,3,3,2
BRDA:34,3,4,2
BRDA:34,3,5,2
BRDA:40,4,0,1
BRDA:40,4,1,1
BRDA:50,5,0,0
BRDA:50,5,1,3
BRDA:55,6,0,1
BRDA:55,6,1,2
BRDA:55,7,0,3
BRDA:55,7,1,3
BRDA:60,8,0,1
BRDA:60,8,1,1
BRDA:69,9,0,0
BRDA:69,9,1,1
BRDA:74,10,0,0
BRDA:74,10,1,1
BRF:26
BRH:22
end_of_record
TN:
SF:src\prescription\prescription.router.ts
FN:6,(anonymous_0)
FN:10,(anonymous_1)
FN:14,(anonymous_2)
FN:18,(anonymous_3)
FN:22,(anonymous_4)
FNF:5
FNH:5
FNDA:1,(anonymous_0)
FNDA:2,(anonymous_1)
FNDA:3,(anonymous_2)
FNDA:3,(anonymous_3)
FNDA:1,(anonymous_4)
DA:1,1
DA:2,1
DA:4,1
DA:6,1
DA:7,1
DA:10,1
DA:11,2
DA:14,1
DA:15,3
DA:18,1
DA:19,3
DA:22,1
DA:23,1
DA:26,1
LF:14
LH:14
BRF:0
BRH:0
end_of_record
TN:
SF:src\prescription\prescription.service.ts
FN:5,(anonymous_0)
FN:9,(anonymous_1)
FN:13,(anonymous_2)
FN:17,(anonymous_3)
FN:21,(anonymous_4)
FNF:5
FNH:5
FNDA:1,(anonymous_0)
FNDA:2,(anonymous_1)
FNDA:1,(anonymous_2)
FNDA:2,(anonymous_3)
FNDA:1,(anonymous_4)
DA:1,1
DA:2,1
DA:4,1
DA:6,1
DA:10,2
DA:14,1
DA:18,2
DA:22,1
LF:8
LH:8
BRF:0
BRH:0
end_of_record
TN:
SF:src\user\user.controller.ts
FN:8,(anonymous_0)
FN:32,(anonymous_1)
FN:46,(anonymous_2)
FN:55,(anonymous_3)
FN:72,(anonymous_4)
FN:79,(anonymous_5)
FN:103,(anonymous_6)
FNF:7
FNH:7
FNDA:9,(anonymous_0)
FNDA:3,(anonymous_1)
FNDA:1,(anonymous_2)
FNDA:3,(anonymous_3)
FNDA:2,(anonymous_4)
FNDA:2,(anonymous_5)
FNDA:3,(anonymous_6)
DA:2,1
DA:4,1
DA:5,1
DA:7,1
DA:9,9
DA:11,9
DA:12,1
DA:15,8
DA:16,8
DA:17,1
DA:20,7
DA:21,0
DA:24,7
DA:25,7
DA:26,7
DA:28,0
DA:33,3
DA:35,3
DA:36,3
DA:37,3
DA:38,2
DA:40,1
DA:42,0
DA:47,1
DA:48,1
DA:49,1
DA:51,0
DA:56,3
DA:57,3
DA:58,1
DA:61,2
DA:62,2
DA:63,2
DA:64,1
DA:66,1
DA:68,0
DA:73,2
DA:74,2
DA:75,0
DA:78,2
DA:79,2
DA:80,2
DA:81,0
DA:84,2
DA:85,0
DA:88,2
DA:89,0
DA:92,2
DA:93,2
DA:94,2
DA:95,1
DA:97,1
DA:99,0
DA:104,3
DA:105,3
DA:106,1
DA:109,2
DA:110,2
DA:111,2
DA:112,1
DA:115,1
DA:116,1
DA:118,0
LF:63
LH:52
BRDA:11,0,0,1
BRDA:11,0,1,8
BRDA:11,1,0,9
BRDA:11,1,1,8
BRDA:11,1,2,8
BRDA:11,1,3,8
BRDA:11,1,4,8
BRDA:16,2,0,1
BRDA:16,2,1,7
BRDA:20,3,0,0
BRDA:20,3,1,7
BRDA:37,4,0,2
BRDA:37,4,1,1
BRDA:57,5,0,1
BRDA:57,5,1,2
BRDA:63,6,0,1
BRDA:63,6,1,1
BRDA:74,7,0,0
BRDA:74,7,1,2
BRDA:80,8,0,0
BRDA:80,8,1,2
BRDA:84,9,0,0
BRDA:84,9,1,2
BRDA:84,10,0,2
BRDA:84,10,1,0
BRDA:88,11,0,0
BRDA:88,11,1,2
BRDA:88,12,0,2
BRDA:88,12,1,0
BRDA:94,13,0,1
BRDA:94,13,1,1
BRDA:105,14,0,1
BRDA:105,14,1,2
BRDA:111,15,0,1
BRDA:111,15,1,1
BRF:35
BRH:28
end_of_record
TN:
SF:src\user\user.router.ts
FN:6,(anonymous_0)
FN:10,(anonymous_1)
FN:14,(anonymous_2)
FN:18,(anonymous_3)
FN:22,(anonymous_4)
FN:26,(anonymous_5)
FNF:6
FNH:6
FNDA:9,(anonymous_0)
FNDA:3,(anonymous_1)
FNDA:1,(anonymous_2)
FNDA:3,(anonymous_3)
FNDA:2,(anonymous_4)
FNDA:3,(anonymous_5)
DA:1,1
DA:2,1
DA:4,1
DA:6,1
DA:7,9
DA:10,1
DA:11,3
DA:14,1
DA:15,1
DA:18,1
DA:19,3
DA:22,1
DA:23,2
DA:26,1
DA:27,3
DA:30,1
LF:16
LH:16
BRF:0
BRH:0
end_of_record
TN:
SF:src\user\user.service.ts
FN:7,(anonymous_1)
FN:11,(anonymous_2)
FN:15,(anonymous_3)
FN:19,(anonymous_4)
FN:27,(anonymous_5)
FN:46,(anonymous_6)
FN:54,(anonymous_7)
FNF:7
FNH:6
FNDA:1,(anonymous_1)
FNDA:4,(anonymous_2)
FNDA:0,(anonymous_3)
FNDA:7,(anonymous_4)
FNDA:3,(anonymous_5)
FNDA:2,(anonymous_6)
FNDA:1,(anonymous_7)
DA:1,1
DA:2,1
DA:3,1
DA:4,1
DA:6,1
DA:8,1
DA:12,4
DA:16,0
DA:20,7
DA:21,7
DA:24,7
DA:28,3
DA:32,3
DA:34,2
DA:35,2
DA:37,1
DA:43,1
DA:47,2
DA:51,2
DA:55,1
LF:20
LH:19
BRDA:32,0,0,1
BRDA:32,0,1,2
BRDA:35,1,0,1
BRDA:35,1,1,1
BRDA:39,2,0,1
BRDA:39,2,1,0
BRF:6
BRH:5
end_of_record
